<?xml version="1.0" encoding="UTF-8"?>
<TestRun id="29fca5bf-65cd-431e-be8e-a399cead34f7" name="pawan_kumar@SYSVINEL015 2019-05-28T06:27:07.478Z" runUser="pawan_kumar" xmlns="http://microsoft.com/schemas/VisualStudio/TeamTest/2010">
  <TestSettings name="Jest test run" id="9c111d78-338d-452f-825b-600436a4194c"/>
  <Times creation="2019-05-28T06:27:07.478Z" queuing="2019-05-28T06:27:07.478Z" start="2019-05-28T06:27:07.478Z"/>
  <ResultSummary outcome="Passed">
    <Counters total="206" executed="206" passed="206" failed="0" error="0"/>
  </ResultSummary>
  <TestDefinitions>
    <UnitTest name="OQContractorDashboardIndex component / renders" id="bb553ca5-bbef-4636-9070-658390781af3">
      <Execution id="73a92b18-4e8d-4145-8718-26df7e53dc91"/>
      <TestMethod codeBase="Jest_OQContractorDashboardIndex component / renders" name="OQContractorDashboardIndex component / renders" className="OQContractorDashboardIndex component"/>
    </UnitTest>
    <UnitTest name="OQContractorDashboardIndex component / should call render" id="7b1d6d39-bdd2-4840-beda-d9ea1177d24e">
      <Execution id="0f0c7241-b70d-4ff1-9ced-a0672718aaf4"/>
      <TestMethod codeBase="Jest_OQContractorDashboardIndex component / should call render" name="OQContractorDashboardIndex component / should call render" className="OQContractorDashboardIndex component"/>
    </UnitTest>
    <UnitTest name="WorkBookDashBoard component / check renders" id="77a6be29-9fc5-4d93-9cf7-c87ba092307e">
      <Execution id="4131aacb-6ce5-4636-a43b-2f5a0966fd83"/>
      <TestMethod codeBase="Jest_WorkBookDashBoard component / check renders" name="WorkBookDashBoard component / check renders" className="WorkBookDashBoard component"/>
    </UnitTest>
    <UnitTest name="WorkBookDashBoard component / check state[modal] is false on mounting" id="2b797fca-8d54-485b-bea1-fe127643f247">
      <Execution id="e036a8db-819a-4c0c-9117-cd87e648e760"/>
      <TestMethod codeBase="Jest_WorkBookDashBoard component / check state[modal] is false on mounting" name="WorkBookDashBoard component / check state[modal] is false on mounting" className="WorkBookDashBoard component"/>
    </UnitTest>
    <UnitTest name="WorkBookDashBoard component / should call cellFormatter" id="f265f912-8dee-415f-80b0-1eff3559deca">
      <Execution id="a8801047-8314-4646-a9a4-026131382531"/>
      <TestMethod codeBase="Jest_WorkBookDashBoard component / should call cellFormatter" name="WorkBookDashBoard component / should call cellFormatter" className="WorkBookDashBoard component"/>
    </UnitTest>
    <UnitTest name="WorkBookDashBoard component / should call employeeFormatter" id="e0e00d17-9142-4cae-afb3-3bb709610c20">
      <Execution id="a6b9639c-2710-487e-8471-47ce773e0ca5"/>
      <TestMethod codeBase="Jest_WorkBookDashBoard component / should call employeeFormatter" name="WorkBookDashBoard component / should call employeeFormatter" className="WorkBookDashBoard component"/>
    </UnitTest>
    <UnitTest name="WorkBookDashBoard component / should call workbookFormatter with valid props" id="c90ba473-71d3-4a63-9976-294918e0927c">
      <Execution id="b94799b8-69ed-4a6d-8f86-17f3026741e4"/>
      <TestMethod codeBase="Jest_WorkBookDashBoard component / should call workbookFormatter with valid props" name="WorkBookDashBoard component / should call workbookFormatter with valid props" className="WorkBookDashBoard component"/>
    </UnitTest>
    <UnitTest name="WorkBookDashBoard component / should call workbookFormatter with invalid props" id="8c1b046b-735c-4dbc-b897-81846877a329">
      <Execution id="d2864b86-e00e-4eba-8676-39c953205b41"/>
      <TestMethod codeBase="Jest_WorkBookDashBoard component / should call workbookFormatter with invalid props" name="WorkBookDashBoard component / should call workbookFormatter with invalid props" className="WorkBookDashBoard component"/>
    </UnitTest>
    <UnitTest name="WorkBookDashBoard component / should call componentDidCatch" id="d1c45d42-6f93-4571-973f-c5425096ea0a">
      <Execution id="e56ac0b9-2813-41cf-8618-de7a20acbee0"/>
      <TestMethod codeBase="Jest_WorkBookDashBoard component / should call componentDidCatch" name="WorkBookDashBoard component / should call componentDidCatch" className="WorkBookDashBoard component"/>
    </UnitTest>
    <UnitTest name="WorkBookDashBoard component / should call updateModalState" id="464dd0d5-df0e-4cf8-8d13-ab3899620956">
      <Execution id="ba022051-de7b-497e-a364-4077b9ce64f6"/>
      <TestMethod codeBase="Jest_WorkBookDashBoard component / should call updateModalState" name="WorkBookDashBoard component / should call updateModalState" className="WorkBookDashBoard component"/>
    </UnitTest>
    <UnitTest name="WorkBookDashBoard component / should call updateMyEmployeesArray" id="a85e05c3-944d-4e74-a03b-a22f306415aa">
      <Execution id="b9a37900-2ae7-4a0b-b492-be8ca1f52a0e"/>
      <TestMethod codeBase="Jest_WorkBookDashBoard component / should call updateMyEmployeesArray" name="WorkBookDashBoard component / should call updateMyEmployeesArray" className="WorkBookDashBoard component"/>
    </UnitTest>
    <UnitTest name="WorkBookDashBoard component / should call popMyEmployeesArray" id="81ba7812-6747-47f5-a11d-989dbe56dfa8">
      <Execution id="9df93441-53c2-4ccd-b1c9-8ae684175028"/>
      <TestMethod codeBase="Jest_WorkBookDashBoard component / should call popMyEmployeesArray" name="WorkBookDashBoard component / should call popMyEmployeesArray" className="WorkBookDashBoard component"/>
    </UnitTest>
    <UnitTest name="WorkBookDashBoard component / should call componentDidMount" id="244c9b06-c44b-41dc-9eff-c05a054e05da">
      <Execution id="b30dc221-2947-44b3-8a24-12440a4e8e8a"/>
      <TestMethod codeBase="Jest_WorkBookDashBoard component / should call componentDidMount" name="WorkBookDashBoard component / should call componentDidMount" className="WorkBookDashBoard component"/>
    </UnitTest>
    <UnitTest name="WorkBookDashBoard component / should call async getFilterOptions" id="24d83b02-6564-4d29-a2d8-9f79163b3b98">
      <Execution id="b9d1e564-a2a3-4712-8569-842c2e690d1d"/>
      <TestMethod codeBase="Jest_WorkBookDashBoard component / should call async getFilterOptions" name="WorkBookDashBoard component / should call async getFilterOptions" className="WorkBookDashBoard component"/>
    </UnitTest>
    <UnitTest name="WorkBookDashBoard component / should call async getEmployees" id="68d3fce2-e5ed-4e86-a4d4-7e8007fadd53">
      <Execution id="43ad1dcf-aa67-4707-9bf8-d64b7ad5e3fa"/>
      <TestMethod codeBase="Jest_WorkBookDashBoard component / should call async getEmployees" name="WorkBookDashBoard component / should call async getEmployees" className="WorkBookDashBoard component"/>
    </UnitTest>
    <UnitTest name="WorkBookDashBoard component / should call async getMyEmployees" id="4623f7f6-48be-4d3e-8cd4-d1af806833b1">
      <Execution id="2bd016ef-0f54-4183-9302-44074435a490"/>
      <TestMethod codeBase="Jest_WorkBookDashBoard component / should call async getMyEmployees" name="WorkBookDashBoard component / should call async getMyEmployees" className="WorkBookDashBoard component"/>
    </UnitTest>
    <UnitTest name="WorkBookDashBoard component / should call async getAssignedWorkbooks" id="0900b853-010f-4b60-9d51-5ad8aabdca25">
      <Execution id="22e4fb0f-98d1-40b2-afb8-ebd2deece7b8"/>
      <TestMethod codeBase="Jest_WorkBookDashBoard component / should call async getAssignedWorkbooks" name="WorkBookDashBoard component / should call async getAssignedWorkbooks" className="WorkBookDashBoard component"/>
    </UnitTest>
    <UnitTest name="WorkBookDashBoard component / should call async getPastDueWorkbooks" id="8167c17f-fef6-41ab-9ee4-e48887fee506">
      <Execution id="d05ce8a6-5e05-4c41-a960-851267500abc"/>
      <TestMethod codeBase="Jest_WorkBookDashBoard component / should call async getPastDueWorkbooks" name="WorkBookDashBoard component / should call async getPastDueWorkbooks" className="WorkBookDashBoard component"/>
    </UnitTest>
    <UnitTest name="WorkBookDashBoard component / should call async getComingDueWorkbooks" id="d95c0566-f896-46b8-aa5b-cac5c7fc6d60">
      <Execution id="95d60609-2fa5-41b2-a7e2-872deb375c96"/>
      <TestMethod codeBase="Jest_WorkBookDashBoard component / should call async getComingDueWorkbooks" name="WorkBookDashBoard component / should call async getComingDueWorkbooks" className="WorkBookDashBoard component"/>
    </UnitTest>
    <UnitTest name="WorkBookDashBoard component / should call async getCompletedWorkbooks" id="c32c94f8-e42d-44c3-9e58-f86f15c3da35">
      <Execution id="0436159d-936d-44e0-9dd3-848b662f1444"/>
      <TestMethod codeBase="Jest_WorkBookDashBoard component / should call async getCompletedWorkbooks" name="WorkBookDashBoard component / should call async getCompletedWorkbooks" className="WorkBookDashBoard component"/>
    </UnitTest>
    <UnitTest name="WorkBookDashBoard component / should call createRows" id="d55546a2-92b9-4e07-8f4e-e8ee16ac01db">
      <Execution id="3249ef43-fe62-401e-aec7-24beb202e827"/>
      <TestMethod codeBase="Jest_WorkBookDashBoard component / should call createRows" name="WorkBookDashBoard component / should call createRows" className="WorkBookDashBoard component"/>
    </UnitTest>
    <UnitTest name="WorkBookDashBoard component / should call handleCellClick" id="e42d2e37-3fdd-43c8-9b3b-006afd682bc5">
      <Execution id="a6b845e2-041e-4623-9574-5be2b58c2c6b"/>
      <TestMethod codeBase="Jest_WorkBookDashBoard component / should call handleCellClick" name="WorkBookDashBoard component / should call handleCellClick" className="WorkBookDashBoard component"/>
    </UnitTest>
    <UnitTest name="WorkBookDashBoard component / should call toggle" id="2615ba22-abf4-47c7-81d8-a40bd93b8061">
      <Execution id="b383605b-2f8e-492f-9574-bdfdbc7067a5"/>
      <TestMethod codeBase="Jest_WorkBookDashBoard component / should call toggle" name="WorkBookDashBoard component / should call toggle" className="WorkBookDashBoard component"/>
    </UnitTest>
    <UnitTest name="WorkBookDashBoard component / should call updateSelectedData" id="abb4bcdf-b432-4eed-bbf6-9a7edeee6fb4">
      <Execution id="1f67ef7c-b404-44b0-acc6-9713b47f568d"/>
      <TestMethod codeBase="Jest_WorkBookDashBoard component / should call updateSelectedData" name="WorkBookDashBoard component / should call updateSelectedData" className="WorkBookDashBoard component"/>
    </UnitTest>
    <UnitTest name="WorkBookDashBoard component / should call handleRoleDelete" id="4b2b54ac-43fc-40e1-b2aa-4fa1632ece94">
      <Execution id="8e5d0c63-6a5e-434b-a69f-0a428c57df15"/>
      <TestMethod codeBase="Jest_WorkBookDashBoard component / should call handleRoleDelete" name="WorkBookDashBoard component / should call handleRoleDelete" className="WorkBookDashBoard component"/>
    </UnitTest>
    <UnitTest name="WorkBookDashBoard component / should call filterGoAction" id="84d9845f-ef6f-42ac-a786-77e69fa1ce1c">
      <Execution id="e8983dd4-fc71-4919-8fa6-f645b24eed2c"/>
      <TestMethod codeBase="Jest_WorkBookDashBoard component / should call filterGoAction" name="WorkBookDashBoard component / should call filterGoAction" className="WorkBookDashBoard component"/>
    </UnitTest>
    <UnitTest name="WorkBookDashBoard component / should call customCell" id="c6e7b152-9e50-4483-8fc1-0873b101c376">
      <Execution id="ae85f19e-a248-4eb5-9d4f-226cb087d191"/>
      <TestMethod codeBase="Jest_WorkBookDashBoard component / should call customCell" name="WorkBookDashBoard component / should call customCell" className="WorkBookDashBoard component"/>
    </UnitTest>
    <UnitTest name="WorkBookDashBoard component / should call autoLogout" id="d0b0694d-ab4c-46af-a42e-a71a3084d487">
      <Execution id="0031a45e-c4bf-4042-bc7c-badc8c7a0b35"/>
      <TestMethod codeBase="Jest_WorkBookDashBoard component / should call autoLogout" name="WorkBookDashBoard component / should call autoLogout" className="WorkBookDashBoard component"/>
    </UnitTest>
    <UnitTest name="WorkBookDashBoard component / should call customCellTextTooltip" id="468073d6-1398-4b1f-9724-5463515b9e67">
      <Execution id="bee13484-0f9e-4bb4-b256-45498f0a5789"/>
      <TestMethod codeBase="Jest_WorkBookDashBoard component / should call customCellTextTooltip" name="WorkBookDashBoard component / should call customCellTextTooltip" className="WorkBookDashBoard component"/>
    </UnitTest>
    <UnitTest name="WorkBookDashBoard component / should call render" id="0f0ffb1a-e79b-4dd1-b0ea-dacb401bdb3a">
      <Execution id="1c42a095-910b-47f5-83ac-1b1c480da6bb"/>
      <TestMethod codeBase="Jest_WorkBookDashBoard component / should call render" name="WorkBookDashBoard component / should call render" className="WorkBookDashBoard component"/>
    </UnitTest>
    <UnitTest name="App component / renders" id="e5d8c25c-e696-452a-82d5-92a9cb2daf6c">
      <Execution id="655cbf4e-a89e-40ac-841c-b0fd03a95204"/>
      <TestMethod codeBase="Jest_App component / renders" name="App component / renders" className="App component"/>
    </UnitTest>
    <UnitTest name="App component / check state[modal] is false on mounting" id="1f9afcfa-e441-4917-9f0e-83efeb5dccc9">
      <Execution id="b2c8bb36-a214-49d6-a0e6-9e6c08a7ef2f"/>
      <TestMethod codeBase="Jest_App component / check state[modal] is false on mounting" name="App component / check state[modal] is false on mounting" className="App component"/>
    </UnitTest>
    <UnitTest name="App component / should call _onAction" id="6cda17a5-44ee-4a44-ba07-ece532683000">
      <Execution id="89175517-81eb-48f5-982b-ea73e2fc4de7"/>
      <TestMethod codeBase="Jest_App component / should call _onAction" name="App component / should call _onAction" className="App component"/>
    </UnitTest>
    <UnitTest name="App component / should call _onActive" id="f58b1190-99d5-49a6-b4cd-198314335b61">
      <Execution id="0faa3bd0-b9d0-41f6-90d7-7991a075f846"/>
      <TestMethod codeBase="Jest_App component / should call _onActive" name="App component / should call _onActive" className="App component"/>
    </UnitTest>
    <UnitTest name="App component / should call _onIdle" id="bfe6bc57-363d-4911-b962-6d71de552d20">
      <Execution id="2977139e-6ac8-4c3f-9e48-445aa0f62aff"/>
      <TestMethod codeBase="Jest_App component / should call _onIdle" name="App component / should call _onIdle" className="App component"/>
    </UnitTest>
    <UnitTest name="App component / should call autoLogout" id="dc5ecbf2-5606-4b1c-b212-240d1cf5a959">
      <Execution id="196eb13a-a611-42e0-be81-4d6423f97354"/>
      <TestMethod codeBase="Jest_App component / should call autoLogout" name="App component / should call autoLogout" className="App component"/>
    </UnitTest>
    <UnitTest name="App component / should call toggle" id="58494150-cba9-4fe1-918b-e43decd6d637">
      <Execution id="98686b21-d5e2-40af-9113-4ee8c65db371"/>
      <TestMethod codeBase="Jest_App component / should call toggle" name="App component / should call toggle" className="App component"/>
    </UnitTest>
    <UnitTest name="App component / should call cancelAutoLogout" id="fd4ff869-0166-48ef-b44b-a60fac44a93c">
      <Execution id="3fe313ab-6a49-4848-86a3-fb533acfcb61"/>
      <TestMethod codeBase="Jest_App component / should call cancelAutoLogout" name="App component / should call cancelAutoLogout" className="App component"/>
    </UnitTest>
    <UnitTest name="App component / should call componentDidMount" id="86e6ad62-07f3-478e-9787-edcea879f576">
      <Execution id="d2838829-69e2-4532-815c-06e1aa3eab69"/>
      <TestMethod codeBase="Jest_App component / should call componentDidMount" name="App component / should call componentDidMount" className="App component"/>
    </UnitTest>
    <UnitTest name="App component / should call updateSessionTokens" id="9018dd2f-13b7-4e78-a7ab-41089da42c8e">
      <Execution id="86b995d4-6fd9-4662-8951-a5f3678ecde9"/>
      <TestMethod codeBase="Jest_App component / should call updateSessionTokens" name="App component / should call updateSessionTokens" className="App component"/>
    </UnitTest>
    <UnitTest name="App component / should call render" id="b03e8d5a-a624-4473-b826-4d4f2ccf39b5">
      <Execution id="59fba0bd-0f14-4f04-95d7-d672a885b006"/>
      <TestMethod codeBase="Jest_App component / should call render" name="App component / should call render" className="App component"/>
    </UnitTest>
    <UnitTest name="MyEmployees component / check renders" id="4cd21a53-203b-4bb8-9bcd-d868a34a68a4">
      <Execution id="7ddd398f-ab41-4d2d-a931-535823b1d556"/>
      <TestMethod codeBase="Jest_MyEmployees component / check renders" name="MyEmployees component / check renders" className="MyEmployees component"/>
    </UnitTest>
    <UnitTest name="MyEmployees component / check state[isInitial] is false on mounting" id="6fa84bd0-70b1-4d2d-968f-c4fef6f28e10">
      <Execution id="8cc25d11-9399-43d1-b008-f9c0f9662756"/>
      <TestMethod codeBase="Jest_MyEmployees component / check state[isInitial] is false on mounting" name="MyEmployees component / check state[isInitial] is false on mounting" className="MyEmployees component"/>
    </UnitTest>
    <UnitTest name="MyEmployees component / should call componentDidCatch" id="185b375c-041d-449f-bd75-65b3abd14ba4">
      <Execution id="3f9a0260-1391-4f27-b0d6-cecf381b8a46"/>
      <TestMethod codeBase="Jest_MyEmployees component / should call componentDidCatch" name="MyEmployees component / should call componentDidCatch" className="MyEmployees component"/>
    </UnitTest>
    <UnitTest name="MyEmployees component / should call createRows" id="2ee9f645-5792-46a0-8071-5e8339dc6146">
      <Execution id="cf5fc45d-8a0d-4893-94d7-e17bee215bf9"/>
      <TestMethod codeBase="Jest_MyEmployees component / should call createRows" name="MyEmployees component / should call createRows" className="MyEmployees component"/>
    </UnitTest>
    <UnitTest name="MyEmployees component / should call async getMyEmployees" id="066ce901-4946-4921-b8dd-f16c38c4b2de">
      <Execution id="b7e934bb-0413-46f9-af2c-1925ce3af0dc"/>
      <TestMethod codeBase="Jest_MyEmployees component / should call async getMyEmployees" name="MyEmployees component / should call async getMyEmployees" className="MyEmployees component"/>
    </UnitTest>
    <UnitTest name="MyEmployees component / should call async getPastDueWorkbooks" id="68d482a9-52de-43eb-8a55-2bd11643c549">
      <Execution id="4ee24b2d-992e-4ce0-9fd4-1861a7457eb6"/>
      <TestMethod codeBase="Jest_MyEmployees component / should call async getPastDueWorkbooks" name="MyEmployees component / should call async getPastDueWorkbooks" className="MyEmployees component"/>
    </UnitTest>
    <UnitTest name="MyEmployees component / should call async getComingDueWorkbooks" id="56fd4d21-4fbd-4ecb-904f-0c7d3814b34c">
      <Execution id="c0de785e-c0e3-4ffd-a860-eda9accbcc3b"/>
      <TestMethod codeBase="Jest_MyEmployees component / should call async getComingDueWorkbooks" name="MyEmployees component / should call async getComingDueWorkbooks" className="MyEmployees component"/>
    </UnitTest>
    <UnitTest name="MyEmployees component / should call async getCompletedWorkbooks" id="18d3e13d-0491-4f1b-a7ae-56c9561cc06e">
      <Execution id="24938589-5000-4b82-b602-1c52493cec2a"/>
      <TestMethod codeBase="Jest_MyEmployees component / should call async getCompletedWorkbooks" name="MyEmployees component / should call async getCompletedWorkbooks" className="MyEmployees component"/>
    </UnitTest>
    <UnitTest name="MyEmployees component / should call async getAssignedWorkbooks" id="d2fa8794-8ca5-4f2d-a06a-fd484700edc9">
      <Execution id="a3a5c36a-096d-455f-bc66-e9a40464fa86"/>
      <TestMethod codeBase="Jest_MyEmployees component / should call async getAssignedWorkbooks" name="MyEmployees component / should call async getAssignedWorkbooks" className="MyEmployees component"/>
    </UnitTest>
    <UnitTest name="MyEmployees component / should call componentWillReceiveProps" id="a1a8e3df-b978-4b0f-8b25-d22dc2eef71f">
      <Execution id="728e9e59-277b-46b4-8da3-419cddfbc049"/>
      <TestMethod codeBase="Jest_MyEmployees component / should call componentWillReceiveProps" name="MyEmployees component / should call componentWillReceiveProps" className="MyEmployees component"/>
    </UnitTest>
    <UnitTest name="MyEmployees component / should call toggle" id="d6def454-cab8-48bb-a8be-b4a10b6bd06d">
      <Execution id="52cc96d3-03ca-4d4a-84bd-e7abf015c3bb"/>
      <TestMethod codeBase="Jest_MyEmployees component / should call toggle" name="MyEmployees component / should call toggle" className="MyEmployees component"/>
    </UnitTest>
    <UnitTest name="MyEmployees component / should call cellFormatter" id="48956d01-bd1c-4f61-91ee-d53c12aa56af">
      <Execution id="4beb047b-6652-4e1d-8eb2-501a196b2cc7"/>
      <TestMethod codeBase="Jest_MyEmployees component / should call cellFormatter" name="MyEmployees component / should call cellFormatter" className="MyEmployees component"/>
    </UnitTest>
    <UnitTest name="MyEmployees component / should call employeeFormatter" id="4723fdbf-515d-420b-9f3a-1b1153b89c42">
      <Execution id="d8b4e00b-803b-4117-8ec5-109c1c04d14b"/>
      <TestMethod codeBase="Jest_MyEmployees component / should call employeeFormatter" name="MyEmployees component / should call employeeFormatter" className="MyEmployees component"/>
    </UnitTest>
    <UnitTest name="MyEmployees component / should call workbookFormatter with valid props" id="fc545b16-878e-43b1-bfd1-99fc2b36e1a6">
      <Execution id="2a6d62ec-a0ac-4702-96f1-8d846bde08d0"/>
      <TestMethod codeBase="Jest_MyEmployees component / should call workbookFormatter with valid props" name="MyEmployees component / should call workbookFormatter with valid props" className="MyEmployees component"/>
    </UnitTest>
    <UnitTest name="MyEmployees component / should call workbookFormatter with invalid props" id="a78fa286-6d89-4fd8-bdc3-eead496c1c52">
      <Execution id="88cda31d-5735-4204-baa9-5bf7ccff2801"/>
      <TestMethod codeBase="Jest_MyEmployees component / should call workbookFormatter with invalid props" name="MyEmployees component / should call workbookFormatter with invalid props" className="MyEmployees component"/>
    </UnitTest>
    <UnitTest name="MyEmployees component / should call handleCellClick" id="dfafec56-39ae-49ff-9a85-720d173f6cf3">
      <Execution id="347d649c-9f22-4420-9573-9af8608d82f3"/>
      <TestMethod codeBase="Jest_MyEmployees component / should call handleCellClick" name="MyEmployees component / should call handleCellClick" className="MyEmployees component"/>
    </UnitTest>
    <UnitTest name="MyEmployees component / should call updateModalState" id="9f538c38-15ec-4e57-b8ab-62854431f741">
      <Execution id="5acb289c-c38c-4636-8827-eab42083d4a7"/>
      <TestMethod codeBase="Jest_MyEmployees component / should call updateModalState" name="MyEmployees component / should call updateModalState" className="MyEmployees component"/>
    </UnitTest>
    <UnitTest name="MyEmployees component / should call customCell" id="b87bd129-60cb-4642-b834-d221565a70fc">
      <Execution id="7c91c7db-3f57-460f-b13b-3e2a56c2fe00"/>
      <TestMethod codeBase="Jest_MyEmployees component / should call customCell" name="MyEmployees component / should call customCell" className="MyEmployees component"/>
    </UnitTest>
    <UnitTest name="MyEmployees component / should call customCellTextTooltip" id="a8e415c4-19ff-4ad8-bbf7-ebb0aa79b05a">
      <Execution id="a36d4e28-38a7-482a-966a-e57e6a585241"/>
      <TestMethod codeBase="Jest_MyEmployees component / should call customCellTextTooltip" name="MyEmployees component / should call customCellTextTooltip" className="MyEmployees component"/>
    </UnitTest>
    <UnitTest name="MyEmployees component / should call render" id="107c184a-b9c2-4d2c-9f08-7dcd63483091">
      <Execution id="ff573547-8859-4cb8-afc9-af7e9f0d1535"/>
      <TestMethod codeBase="Jest_MyEmployees component / should call render" name="MyEmployees component / should call render" className="MyEmployees component"/>
    </UnitTest>
    <UnitTest name="renders without crashing" id="3c77786e-2d9b-4719-be84-f1b85d6123c6">
      <Execution id="3113f0a0-f64a-4711-8587-30eab180f4eb"/>
      <TestMethod codeBase="Jest_renders without crashing" name="renders without crashing" className="No suite"/>
    </UnitTest>
    <UnitTest name="Login Index component / renders" id="53e72d5b-eb27-41db-8b0d-08dda2bbc21c">
      <Execution id="0874522e-5249-4a77-8adc-fabe59399b20"/>
      <TestMethod codeBase="Jest_Login Index component / renders" name="Login Index component / renders" className="Login Index component"/>
    </UnitTest>
    <UnitTest name="Router component / renders" id="6fcc2a8d-4a76-4ce6-bd63-dc360f05946c">
      <Execution id="fa17b3b4-756f-488e-9087-3e225b4c5913"/>
      <TestMethod codeBase="Jest_Router component / renders" name="Router component / renders" className="Router component"/>
    </UnitTest>
    <UnitTest name="LogInForm component / renders" id="78fb4cb1-44a4-4829-84ae-d31e85bf1426">
      <Execution id="9a60ada9-db1d-4153-9d4a-c8444263b906"/>
      <TestMethod codeBase="Jest_LogInForm component / renders" name="LogInForm component / renders" className="LogInForm component"/>
    </UnitTest>
    <UnitTest name="LogInForm component / should call componentWillMount with out session" id="50468d90-1539-41a5-b311-c7276535490a">
      <Execution id="2b1a6f13-707d-477c-a5fa-edb9282a6ecf"/>
      <TestMethod codeBase="Jest_LogInForm component / should call componentWillMount with out session" name="LogInForm component / should call componentWillMount with out session" className="LogInForm component"/>
    </UnitTest>
    <UnitTest name="LogInForm component / should call componentWillMount with session" id="4c96051f-3ae4-496b-b83c-26f980520210">
      <Execution id="19ebc453-b41d-4acd-8a32-85d69097875d"/>
      <TestMethod codeBase="Jest_LogInForm component / should call componentWillMount with session" name="LogInForm component / should call componentWillMount with session" className="LogInForm component"/>
    </UnitTest>
    <UnitTest name="LogInForm component / should call componentDidCatch" id="f70bcb0d-054c-44ed-8bf1-dbfd6dd22185">
      <Execution id="5f0519cd-b9b5-442a-bfe6-bbd8a6649518"/>
      <TestMethod codeBase="Jest_LogInForm component / should call componentDidCatch" name="LogInForm component / should call componentDidCatch" className="LogInForm component"/>
    </UnitTest>
    <UnitTest name="LogInForm component / should call render with isReloadWindow false" id="a5280eda-4b72-4776-ac23-748645293207">
      <Execution id="b94b107d-7101-4f0a-a678-bb5ea7313053"/>
      <TestMethod codeBase="Jest_LogInForm component / should call render with isReloadWindow false" name="LogInForm component / should call render with isReloadWindow false" className="LogInForm component"/>
    </UnitTest>
    <UnitTest name="LogInForm component / should call render with isReloadWindow true" id="2d538c15-d8c4-46ec-b636-1afaa183bc3e">
      <Execution id="98fd22c1-412e-4a20-8294-1bf4668b43a4"/>
      <TestMethod codeBase="Jest_LogInForm component / should call render with isReloadWindow true" name="LogInForm component / should call render with isReloadWindow true" className="LogInForm component"/>
    </UnitTest>
    <UnitTest name="ComingDueWorkbook component / check renders" id="14b6aadb-f20e-4846-b354-4ab30dd350b8">
      <Execution id="5b6ef7ca-fe18-4594-a80c-699d73e1fee9"/>
      <TestMethod codeBase="Jest_ComingDueWorkbook component / check renders" name="ComingDueWorkbook component / check renders" className="ComingDueWorkbook component"/>
    </UnitTest>
    <UnitTest name="ComingDueWorkbook component / check state[modal] is false on mounting" id="e12cd305-2b40-45cd-845c-5ec22bff5bd4">
      <Execution id="d42ef308-97a5-4ef8-b461-c89a1c2df197"/>
      <TestMethod codeBase="Jest_ComingDueWorkbook component / check state[modal] is false on mounting" name="ComingDueWorkbook component / check state[modal] is false on mounting" className="ComingDueWorkbook component"/>
    </UnitTest>
    <UnitTest name="ComingDueWorkbook component / should call componentDidCatch" id="6a222735-db2d-4090-8c28-df725a8ee647">
      <Execution id="da9854dd-3129-427c-8271-226c8514e298"/>
      <TestMethod codeBase="Jest_ComingDueWorkbook component / should call componentDidCatch" name="ComingDueWorkbook component / should call componentDidCatch" className="ComingDueWorkbook component"/>
    </UnitTest>
    <UnitTest name="ComingDueWorkbook component / should call async getWorkBookProgress" id="18cdd725-af0c-46c6-a97c-50b701ac56ba">
      <Execution id="42c1409f-7db2-4d5c-9cc4-5364b0433ebf"/>
      <TestMethod codeBase="Jest_ComingDueWorkbook component / should call async getWorkBookProgress" name="ComingDueWorkbook component / should call async getWorkBookProgress" className="ComingDueWorkbook component"/>
    </UnitTest>
    <UnitTest name="ComingDueWorkbook component / should call createRows" id="41c46ba4-8680-4410-a9e9-33a6e6d0a1e9">
      <Execution id="36896fb1-d047-40df-935c-e051f0abb91c"/>
      <TestMethod codeBase="Jest_ComingDueWorkbook component / should call createRows" name="ComingDueWorkbook component / should call createRows" className="ComingDueWorkbook component"/>
    </UnitTest>
    <UnitTest name="ComingDueWorkbook component / should call componentWillReceiveProps" id="b8cbfde7-6303-4b53-b678-ab8f6ff27539">
      <Execution id="5425c9b4-52f8-4e08-bf89-5d9d146e9e93"/>
      <TestMethod codeBase="Jest_ComingDueWorkbook component / should call componentWillReceiveProps" name="ComingDueWorkbook component / should call componentWillReceiveProps" className="ComingDueWorkbook component"/>
    </UnitTest>
    <UnitTest name="ComingDueWorkbook component / should call toggle" id="d2308d1f-4061-4161-b5f2-af023a22de54">
      <Execution id="57db3877-2707-4cfa-b370-1dcfda6a6376"/>
      <TestMethod codeBase="Jest_ComingDueWorkbook component / should call toggle" name="ComingDueWorkbook component / should call toggle" className="ComingDueWorkbook component"/>
    </UnitTest>
    <UnitTest name="ComingDueWorkbook component / should call updateModalState" id="d782bfeb-bb73-481e-a707-e9632999ee50">
      <Execution id="94b56b0d-d0c1-4a2b-bb79-f9b3bfb4f859"/>
      <TestMethod codeBase="Jest_ComingDueWorkbook component / should call updateModalState" name="ComingDueWorkbook component / should call updateModalState" className="ComingDueWorkbook component"/>
    </UnitTest>
    <UnitTest name="ComingDueWorkbook component / should call handleCellClick" id="7a51957d-4779-4d7b-9a38-2e21c18d69cf">
      <Execution id="ec1c2427-ab1a-45e6-93b9-f4f0e6a54fd8"/>
      <TestMethod codeBase="Jest_ComingDueWorkbook component / should call handleCellClick" name="ComingDueWorkbook component / should call handleCellClick" className="ComingDueWorkbook component"/>
    </UnitTest>
    <UnitTest name="ComingDueWorkbook component / should call cellFormatter" id="af488bcf-f9ee-4c2f-814a-3433dd4921f7">
      <Execution id="65464863-9088-4c76-a888-4917bd8b135c"/>
      <TestMethod codeBase="Jest_ComingDueWorkbook component / should call cellFormatter" name="ComingDueWorkbook component / should call cellFormatter" className="ComingDueWorkbook component"/>
    </UnitTest>
    <UnitTest name="ComingDueWorkbook component / should call workbookFormatter with valid props" id="401ffd76-0f55-4af3-88a9-d4a8738c63c4">
      <Execution id="f5230159-8c39-48c4-a94c-ea20496e1982"/>
      <TestMethod codeBase="Jest_ComingDueWorkbook component / should call workbookFormatter with valid props" name="ComingDueWorkbook component / should call workbookFormatter with valid props" className="ComingDueWorkbook component"/>
    </UnitTest>
    <UnitTest name="ComingDueWorkbook component / should call workbookFormatter with invalid props" id="8552dfbd-4075-4ff5-83e3-261f893c6611">
      <Execution id="74565ee6-072c-4f17-bf4c-c6f1cb26b71e"/>
      <TestMethod codeBase="Jest_ComingDueWorkbook component / should call workbookFormatter with invalid props" name="ComingDueWorkbook component / should call workbookFormatter with invalid props" className="ComingDueWorkbook component"/>
    </UnitTest>
    <UnitTest name="ComingDueWorkbook component / should call customCell" id="dcbfb57a-50ec-4a4d-964f-d19b7b86279c">
      <Execution id="9d277c1d-5a16-4a3a-b37d-7f5a52ab6653"/>
      <TestMethod codeBase="Jest_ComingDueWorkbook component / should call customCell" name="ComingDueWorkbook component / should call customCell" className="ComingDueWorkbook component"/>
    </UnitTest>
    <UnitTest name="ComingDueWorkbook component / should call customCellTextTooltip" id="543bf689-95c8-41c8-87a7-97f3e55ddf7d">
      <Execution id="5a9aab04-131c-4923-8dd7-48abe41ebe34"/>
      <TestMethod codeBase="Jest_ComingDueWorkbook component / should call customCellTextTooltip" name="ComingDueWorkbook component / should call customCellTextTooltip" className="ComingDueWorkbook component"/>
    </UnitTest>
    <UnitTest name="ComingDueWorkbook component / should call render" id="e9b2d5b8-784d-4960-9412-89363c7e1473">
      <Execution id="327d39f1-e228-40da-b228-e043f8269fd9"/>
      <TestMethod codeBase="Jest_ComingDueWorkbook component / should call render" name="ComingDueWorkbook component / should call render" className="ComingDueWorkbook component"/>
    </UnitTest>
    <UnitTest name="AssignedWorkBook component / check renders" id="a9c90c52-45d0-4b5e-9c39-19f1bf36cfd2">
      <Execution id="a35ee89b-fbee-4b75-b609-b7929570887f"/>
      <TestMethod codeBase="Jest_AssignedWorkBook component / check renders" name="AssignedWorkBook component / check renders" className="AssignedWorkBook component"/>
    </UnitTest>
    <UnitTest name="AssignedWorkBook component / check state[modal] is false on mounting" id="37691967-9ce7-4543-b7ec-fe2851bf9075">
      <Execution id="690888b1-70d3-497f-94aa-ac5285c018a2"/>
      <TestMethod codeBase="Jest_AssignedWorkBook component / check state[modal] is false on mounting" name="AssignedWorkBook component / check state[modal] is false on mounting" className="AssignedWorkBook component"/>
    </UnitTest>
    <UnitTest name="AssignedWorkBook component / should call componentDidCatch" id="29348dd7-8f11-4f1b-b08e-3e5d03a1b984">
      <Execution id="c015b7a7-f5c9-4f6f-b928-3f96de2e0f98"/>
      <TestMethod codeBase="Jest_AssignedWorkBook component / should call componentDidCatch" name="AssignedWorkBook component / should call componentDidCatch" className="AssignedWorkBook component"/>
    </UnitTest>
    <UnitTest name="AssignedWorkBook component / should call getWorkBookProgress" id="07874a9e-701e-4987-ae7a-121084a4524f">
      <Execution id="d19c6aa2-6226-4322-87b1-5c1b23c9c885"/>
      <TestMethod codeBase="Jest_AssignedWorkBook component / should call getWorkBookProgress" name="AssignedWorkBook component / should call getWorkBookProgress" className="AssignedWorkBook component"/>
    </UnitTest>
    <UnitTest name="AssignedWorkBook component / should call createRows" id="95c69f19-a9f9-43f9-a2ea-d15bed3c8120">
      <Execution id="20c6839f-0f92-4eb3-bfaa-0fdd15f39360"/>
      <TestMethod codeBase="Jest_AssignedWorkBook component / should call createRows" name="AssignedWorkBook component / should call createRows" className="AssignedWorkBook component"/>
    </UnitTest>
    <UnitTest name="AssignedWorkBook component / should call componentWillReceiveProps" id="b9321517-8ac3-419e-ad57-af65a8e59b2a">
      <Execution id="cbf6fcbb-2745-4f9b-9a7f-d8922b290d17"/>
      <TestMethod codeBase="Jest_AssignedWorkBook component / should call componentWillReceiveProps" name="AssignedWorkBook component / should call componentWillReceiveProps" className="AssignedWorkBook component"/>
    </UnitTest>
    <UnitTest name="AssignedWorkBook component / should call updateModalState" id="832a81bc-59b4-488f-8437-4cb989b4f6d1">
      <Execution id="97b2273c-fd7a-4faa-a8db-b66ec8c75310"/>
      <TestMethod codeBase="Jest_AssignedWorkBook component / should call updateModalState" name="AssignedWorkBook component / should call updateModalState" className="AssignedWorkBook component"/>
    </UnitTest>
    <UnitTest name="AssignedWorkBook component / should call toggle" id="b83106ee-b9e9-4747-ad21-08eeabca4726">
      <Execution id="27120053-fcd1-4af6-a0f7-9085e3ae1d41"/>
      <TestMethod codeBase="Jest_AssignedWorkBook component / should call toggle" name="AssignedWorkBook component / should call toggle" className="AssignedWorkBook component"/>
    </UnitTest>
    <UnitTest name="AssignedWorkBook component / should call handleCellClick" id="0337b591-d3d7-41ae-bdc9-c28e2ec6bb41">
      <Execution id="9e53a783-ce4a-4cef-92ca-c962ef2b8faf"/>
      <TestMethod codeBase="Jest_AssignedWorkBook component / should call handleCellClick" name="AssignedWorkBook component / should call handleCellClick" className="AssignedWorkBook component"/>
    </UnitTest>
    <UnitTest name="AssignedWorkBook component / should call cellFormatter" id="4437cdc3-5272-419f-b527-fc971e348bba">
      <Execution id="314a151e-1eb9-4cea-9a16-c2bad12b0370"/>
      <TestMethod codeBase="Jest_AssignedWorkBook component / should call cellFormatter" name="AssignedWorkBook component / should call cellFormatter" className="AssignedWorkBook component"/>
    </UnitTest>
    <UnitTest name="AssignedWorkBook component / should call workbookFormatter" id="385b083d-b605-46db-b1e9-99125464a95c">
      <Execution id="729a61c4-3f36-4f42-96d8-f360c1cf4273"/>
      <TestMethod codeBase="Jest_AssignedWorkBook component / should call workbookFormatter" name="AssignedWorkBook component / should call workbookFormatter" className="AssignedWorkBook component"/>
    </UnitTest>
    <UnitTest name="AssignedWorkBook component / should call customCell" id="b0d79740-8003-4e5d-a3ca-f6da7150d8e7">
      <Execution id="0ff72e6d-f5d3-4743-9a55-adb4ade94904"/>
      <TestMethod codeBase="Jest_AssignedWorkBook component / should call customCell" name="AssignedWorkBook component / should call customCell" className="AssignedWorkBook component"/>
    </UnitTest>
    <UnitTest name="AssignedWorkBook component / should call render" id="b3ee2889-3fbe-4cc2-af54-9b9c9c3b3375">
      <Execution id="c27f12a9-3518-4fa8-aae7-c6465b5452ca"/>
      <TestMethod codeBase="Jest_AssignedWorkBook component / should call render" name="AssignedWorkBook component / should call render" className="AssignedWorkBook component"/>
    </UnitTest>
    <UnitTest name="WorkBookCompleted component / check renders" id="621e80d2-d3f3-4b39-b584-2db0d645353a">
      <Execution id="03a9ef3c-73f2-471a-abce-aede383d2c46"/>
      <TestMethod codeBase="Jest_WorkBookCompleted component / check renders" name="WorkBookCompleted component / check renders" className="WorkBookCompleted component"/>
    </UnitTest>
    <UnitTest name="WorkBookCompleted component / check state[modal] is false on mounting" id="d956a82c-2243-4855-a2af-0631977dbc62">
      <Execution id="28fa694d-48f6-4341-b32e-5215d2fea1d4"/>
      <TestMethod codeBase="Jest_WorkBookCompleted component / check state[modal] is false on mounting" name="WorkBookCompleted component / check state[modal] is false on mounting" className="WorkBookCompleted component"/>
    </UnitTest>
    <UnitTest name="WorkBookCompleted component / should call cellFormatter" id="8e767ef8-e989-4c27-96a9-4222f891349e">
      <Execution id="8707aead-f565-4121-b4a5-828789854465"/>
      <TestMethod codeBase="Jest_WorkBookCompleted component / should call cellFormatter" name="WorkBookCompleted component / should call cellFormatter" className="WorkBookCompleted component"/>
    </UnitTest>
    <UnitTest name="WorkBookCompleted component / should call componentDidCatch" id="1d693dbc-38a7-4732-8c5f-f717e48c564e">
      <Execution id="a0669c06-de32-4ced-9001-65daab3acded"/>
      <TestMethod codeBase="Jest_WorkBookCompleted component / should call componentDidCatch" name="WorkBookCompleted component / should call componentDidCatch" className="WorkBookCompleted component"/>
    </UnitTest>
    <UnitTest name="WorkBookCompleted component / should call createRows" id="ddbc0e0b-f36b-4a29-a312-bfb6f713d6d6">
      <Execution id="23187fcc-8f69-4c8e-b743-74785249fbe1"/>
      <TestMethod codeBase="Jest_WorkBookCompleted component / should call createRows" name="WorkBookCompleted component / should call createRows" className="WorkBookCompleted component"/>
    </UnitTest>
    <UnitTest name="WorkBookCompleted component / should call componentWillReceiveProps" id="3f1bcebd-6a23-460a-a090-0e31fd77c38a">
      <Execution id="a97daeed-639c-42a8-b076-9f22b836b5a2"/>
      <TestMethod codeBase="Jest_WorkBookCompleted component / should call componentWillReceiveProps" name="WorkBookCompleted component / should call componentWillReceiveProps" className="WorkBookCompleted component"/>
    </UnitTest>
    <UnitTest name="WorkBookCompleted component / should call toggle" id="5234841c-237c-472e-b7ba-524aedd6baff">
      <Execution id="e321be79-037c-400d-a944-20a20801d15b"/>
      <TestMethod codeBase="Jest_WorkBookCompleted component / should call toggle" name="WorkBookCompleted component / should call toggle" className="WorkBookCompleted component"/>
    </UnitTest>
    <UnitTest name="WorkBookCompleted component / should call updateModalState" id="390c1953-8c2a-464f-ae18-f86806f29a01">
      <Execution id="62f03a3c-6854-45d1-b199-2f38d66da93d"/>
      <TestMethod codeBase="Jest_WorkBookCompleted component / should call updateModalState" name="WorkBookCompleted component / should call updateModalState" className="WorkBookCompleted component"/>
    </UnitTest>
    <UnitTest name="WorkBookCompleted component / should call handleCellClick" id="377038da-1a39-4a99-bb01-53f2b0675be5">
      <Execution id="3579d1e8-3eb9-44fa-bc53-160c24b67078"/>
      <TestMethod codeBase="Jest_WorkBookCompleted component / should call handleCellClick" name="WorkBookCompleted component / should call handleCellClick" className="WorkBookCompleted component"/>
    </UnitTest>
    <UnitTest name="WorkBookCompleted component / should call async getWorkBookProgress" id="7c5af1da-164b-4dfd-8205-81f35f092d63">
      <Execution id="22bfb889-0a3d-4960-aa27-81e41cb75dd7"/>
      <TestMethod codeBase="Jest_WorkBookCompleted component / should call async getWorkBookProgress" name="WorkBookCompleted component / should call async getWorkBookProgress" className="WorkBookCompleted component"/>
    </UnitTest>
    <UnitTest name="WorkBookCompleted component / should call customCellTextTooltip" id="8f964548-3e0d-4a9d-be17-411150b7cb8c">
      <Execution id="c3bd16af-6a7b-4deb-a436-1bf8e50c9a64"/>
      <TestMethod codeBase="Jest_WorkBookCompleted component / should call customCellTextTooltip" name="WorkBookCompleted component / should call customCellTextTooltip" className="WorkBookCompleted component"/>
    </UnitTest>
    <UnitTest name="WorkBookCompleted component / should call render" id="cd88ae23-3053-47e0-99be-c92cd5e18090">
      <Execution id="7e896d42-d205-4eeb-b8b9-931c574aae5d"/>
      <TestMethod codeBase="Jest_WorkBookCompleted component / should call render" name="WorkBookCompleted component / should call render" className="WorkBookCompleted component"/>
    </UnitTest>
    <UnitTest name="WorkBookDuePast component / check renders" id="bf50a655-2f3d-4802-80a6-3783a6d6c799">
      <Execution id="72231dae-2dab-4089-8ef6-8db60f919df4"/>
      <TestMethod codeBase="Jest_WorkBookDuePast component / check renders" name="WorkBookDuePast component / check renders" className="WorkBookDuePast component"/>
    </UnitTest>
    <UnitTest name="WorkBookDuePast component / check state[modal] is false on mounting" id="11b0932d-0ac7-4b02-be5a-bb2b6765a7ef">
      <Execution id="e1a18422-a58f-4e52-82c9-0e35662bc0da"/>
      <TestMethod codeBase="Jest_WorkBookDuePast component / check state[modal] is false on mounting" name="WorkBookDuePast component / check state[modal] is false on mounting" className="WorkBookDuePast component"/>
    </UnitTest>
    <UnitTest name="WorkBookDuePast component / should call componentDidCatch" id="28a57298-4c0d-4902-b1c6-c913334480b2">
      <Execution id="3b61ee16-db50-41d1-8778-d82fc994886b"/>
      <TestMethod codeBase="Jest_WorkBookDuePast component / should call componentDidCatch" name="WorkBookDuePast component / should call componentDidCatch" className="WorkBookDuePast component"/>
    </UnitTest>
    <UnitTest name="WorkBookDuePast component / should call getWorkBookProgress" id="5b2504ce-4bfe-407f-95a7-f8cdd1b3ed76">
      <Execution id="21fbd63e-7f6f-4329-a7bb-9e919ccc0fae"/>
      <TestMethod codeBase="Jest_WorkBookDuePast component / should call getWorkBookProgress" name="WorkBookDuePast component / should call getWorkBookProgress" className="WorkBookDuePast component"/>
    </UnitTest>
    <UnitTest name="WorkBookDuePast component / should call createRows" id="5bb5c58a-9dbb-48f7-a0dc-a31399dab015">
      <Execution id="e427049c-d81f-4a84-a8ec-8753c295bf8a"/>
      <TestMethod codeBase="Jest_WorkBookDuePast component / should call createRows" name="WorkBookDuePast component / should call createRows" className="WorkBookDuePast component"/>
    </UnitTest>
    <UnitTest name="WorkBookDuePast component / should call componentWillReceiveProps" id="b14e6833-895d-4275-9b2a-715f9bd64a92">
      <Execution id="a1e6090f-edfa-4b06-a002-63cbf48a479f"/>
      <TestMethod codeBase="Jest_WorkBookDuePast component / should call componentWillReceiveProps" name="WorkBookDuePast component / should call componentWillReceiveProps" className="WorkBookDuePast component"/>
    </UnitTest>
    <UnitTest name="WorkBookDuePast component / should call toggle" id="dd06e0c9-ad02-435b-9551-ec4be7f7f8ff">
      <Execution id="fd581a88-0c00-4984-a3e2-acd98be7c7d7"/>
      <TestMethod codeBase="Jest_WorkBookDuePast component / should call toggle" name="WorkBookDuePast component / should call toggle" className="WorkBookDuePast component"/>
    </UnitTest>
    <UnitTest name="WorkBookDuePast component / should call updateModalState" id="69c99d61-d0f1-40f1-8e83-8c7924e95123">
      <Execution id="76173261-2e6c-4b38-9fb7-2c2c1d3c6101"/>
      <TestMethod codeBase="Jest_WorkBookDuePast component / should call updateModalState" name="WorkBookDuePast component / should call updateModalState" className="WorkBookDuePast component"/>
    </UnitTest>
    <UnitTest name="WorkBookDuePast component / should call handleCellClick" id="93b0090b-b8ea-49d6-be9c-1b2406716c36">
      <Execution id="a0a5aabc-3974-41d9-b918-e2d64850b26d"/>
      <TestMethod codeBase="Jest_WorkBookDuePast component / should call handleCellClick" name="WorkBookDuePast component / should call handleCellClick" className="WorkBookDuePast component"/>
    </UnitTest>
    <UnitTest name="WorkBookDuePast component / should call cellFormatter" id="4ac5bcfd-93a9-4485-899b-7b8a9c84ee48">
      <Execution id="7e4b754d-6d46-48eb-ac96-3e4cb2ef7e25"/>
      <TestMethod codeBase="Jest_WorkBookDuePast component / should call cellFormatter" name="WorkBookDuePast component / should call cellFormatter" className="WorkBookDuePast component"/>
    </UnitTest>
    <UnitTest name="WorkBookDuePast component / should call workbookFormatter with valid props" id="375c0772-96ae-4607-9986-fc40b5bff2a7">
      <Execution id="af8dadda-9323-4c26-9c09-ca19786f9857"/>
      <TestMethod codeBase="Jest_WorkBookDuePast component / should call workbookFormatter with valid props" name="WorkBookDuePast component / should call workbookFormatter with valid props" className="WorkBookDuePast component"/>
    </UnitTest>
    <UnitTest name="WorkBookDuePast component / should call workbookFormatter with invalid props" id="824da00a-0d04-43a8-adf6-d1459aecd805">
      <Execution id="041bec28-2cea-4876-ab0a-0b04c594d86a"/>
      <TestMethod codeBase="Jest_WorkBookDuePast component / should call workbookFormatter with invalid props" name="WorkBookDuePast component / should call workbookFormatter with invalid props" className="WorkBookDuePast component"/>
    </UnitTest>
    <UnitTest name="WorkBookDuePast component / should call customCell" id="d75d1fa6-5db7-4a59-89bd-e228f1900b11">
      <Execution id="de20b5c5-8f4f-4350-af2b-df1c33701e28"/>
      <TestMethod codeBase="Jest_WorkBookDuePast component / should call customCell" name="WorkBookDuePast component / should call customCell" className="WorkBookDuePast component"/>
    </UnitTest>
    <UnitTest name="WorkBookDuePast component / should call customCellTextTooltip" id="ea0ac3d1-911c-4997-9e75-78d3f71f2923">
      <Execution id="fd70e71e-94fe-427f-9f66-f578570204f7"/>
      <TestMethod codeBase="Jest_WorkBookDuePast component / should call customCellTextTooltip" name="WorkBookDuePast component / should call customCellTextTooltip" className="WorkBookDuePast component"/>
    </UnitTest>
    <UnitTest name="WorkBookDuePast component / should call render" id="06e0e609-ecdf-4264-bd45-b234234855b8">
      <Execution id="31e0058f-cb71-4815-b250-af5060540653"/>
      <TestMethod codeBase="Jest_WorkBookDuePast component / should call render" name="WorkBookDuePast component / should call render" className="WorkBookDuePast component"/>
    </UnitTest>
    <UnitTest name="WorkBookProgress component / check renders" id="ba058630-64e0-4e6d-b535-a3611377274c">
      <Execution id="a784793e-a121-4991-aaa6-4d41fb19699d"/>
      <TestMethod codeBase="Jest_WorkBookProgress component / check renders" name="WorkBookProgress component / check renders" className="WorkBookProgress component"/>
    </UnitTest>
    <UnitTest name="WorkBookProgress component / check state[modal] is false on mounting" id="9502dfdc-e757-4a40-bba9-c8e7139a20f6">
      <Execution id="b8623d65-c6a7-4ae1-a602-b81b350dc4d8"/>
      <TestMethod codeBase="Jest_WorkBookProgress component / check state[modal] is false on mounting" name="WorkBookProgress component / check state[modal] is false on mounting" className="WorkBookProgress component"/>
    </UnitTest>
    <UnitTest name="WorkBookProgress component / should call componentDidCatch" id="2a7dab16-a6bc-4f8c-98c1-086d9e82cbc1">
      <Execution id="aee72958-4859-473f-9606-3ac5c3ebb27f"/>
      <TestMethod codeBase="Jest_WorkBookProgress component / should call componentDidCatch" name="WorkBookProgress component / should call componentDidCatch" className="WorkBookProgress component"/>
    </UnitTest>
    <UnitTest name="WorkBookProgress component / should call createRows" id="e48b94d7-5457-4ac4-b799-bac4916fa71c">
      <Execution id="b895fdbc-944f-40b8-a4e9-bd93256352b2"/>
      <TestMethod codeBase="Jest_WorkBookProgress component / should call createRows" name="WorkBookProgress component / should call createRows" className="WorkBookProgress component"/>
    </UnitTest>
    <UnitTest name="WorkBookProgress component / should call componentWillReceiveProps" id="d1257fe0-cb7c-49fe-bcae-1662089d95c8">
      <Execution id="51b15bb0-7055-4eb9-a23d-51ef6b24d81f"/>
      <TestMethod codeBase="Jest_WorkBookProgress component / should call componentWillReceiveProps" name="WorkBookProgress component / should call componentWillReceiveProps" className="WorkBookProgress component"/>
    </UnitTest>
    <UnitTest name="WorkBookProgress component / should call getWorkbookRepetitions" id="78a89853-6d0d-447e-a95a-9a9b4726693b">
      <Execution id="32245d05-1f3a-4f77-9e4f-0dff9e52b365"/>
      <TestMethod codeBase="Jest_WorkBookProgress component / should call getWorkbookRepetitions" name="WorkBookProgress component / should call getWorkbookRepetitions" className="WorkBookProgress component"/>
    </UnitTest>
    <UnitTest name="WorkBookProgress component / should call toggle" id="42e940e6-d779-4073-a00a-f8d261bd7c8a">
      <Execution id="d05ab529-0e46-4923-bfda-d003647b9c51"/>
      <TestMethod codeBase="Jest_WorkBookProgress component / should call toggle" name="WorkBookProgress component / should call toggle" className="WorkBookProgress component"/>
    </UnitTest>
    <UnitTest name="WorkBookProgress component / should call updateModalState" id="5b612629-af12-4e80-9527-641383694474">
      <Execution id="85d2d313-6d5d-4cd2-9e85-95df776894f0"/>
      <TestMethod codeBase="Jest_WorkBookProgress component / should call updateModalState" name="WorkBookProgress component / should call updateModalState" className="WorkBookProgress component"/>
    </UnitTest>
    <UnitTest name="WorkBookProgress component / should call handleCellClick" id="0cee0c83-3d69-4156-ab27-782f6e8901ac">
      <Execution id="da43df75-115b-4d65-9b28-9e768024a0f5"/>
      <TestMethod codeBase="Jest_WorkBookProgress component / should call handleCellClick" name="WorkBookProgress component / should call handleCellClick" className="WorkBookProgress component"/>
    </UnitTest>
    <UnitTest name="WorkBookProgress component / should call cellFormatter" id="c55c2d63-3395-47f3-8f5c-e8d94ee89e45">
      <Execution id="46d5a8eb-79d8-49e6-9ad4-4c46d4d1a5e3"/>
      <TestMethod codeBase="Jest_WorkBookProgress component / should call cellFormatter" name="WorkBookProgress component / should call cellFormatter" className="WorkBookProgress component"/>
    </UnitTest>
    <UnitTest name="WorkBookProgress component / should call workbookIncompleteFormatter with valid props" id="7abb1670-ca18-4883-877b-1e7868261566">
      <Execution id="dad0a5ae-643b-4962-b361-4acc85f9ec73"/>
      <TestMethod codeBase="Jest_WorkBookProgress component / should call workbookIncompleteFormatter with valid props" name="WorkBookProgress component / should call workbookIncompleteFormatter with valid props" className="WorkBookProgress component"/>
    </UnitTest>
    <UnitTest name="WorkBookProgress component / should call workbookFormatter with valid props" id="8ffe765d-6687-4003-8fc4-5c27ff1b657f">
      <Execution id="4210e895-5478-40a4-afdb-a101f1b7a19e"/>
      <TestMethod codeBase="Jest_WorkBookProgress component / should call workbookFormatter with valid props" name="WorkBookProgress component / should call workbookFormatter with valid props" className="WorkBookProgress component"/>
    </UnitTest>
    <UnitTest name="WorkBookProgress component / should call workbookFormatter with invalid props" id="379840ce-788f-4c43-a89a-427e8d12d320">
      <Execution id="06c718e5-4b15-40c1-a1a4-18ea4f471e8b"/>
      <TestMethod codeBase="Jest_WorkBookProgress component / should call workbookFormatter with invalid props" name="WorkBookProgress component / should call workbookFormatter with invalid props" className="WorkBookProgress component"/>
    </UnitTest>
    <UnitTest name="WorkBookProgress component / should call customCell" id="e888b9c8-f155-4d44-9654-0e7401cfc95b">
      <Execution id="051ceafe-a855-42f2-9795-2bd5db322bb3"/>
      <TestMethod codeBase="Jest_WorkBookProgress component / should call customCell" name="WorkBookProgress component / should call customCell" className="WorkBookProgress component"/>
    </UnitTest>
    <UnitTest name="WorkBookProgress component / should call render" id="4d0acebc-130a-4ca6-9b23-6123415612f4">
      <Execution id="64a5d7f5-967c-446c-897e-8d5134f63d66"/>
      <TestMethod codeBase="Jest_WorkBookProgress component / should call render" name="WorkBookProgress component / should call render" className="WorkBookProgress component"/>
    </UnitTest>
    <UnitTest name="FilterModal component / check renders" id="5d37094d-7117-4144-afbc-c74148f2e55c">
      <Execution id="80c5d5a4-a333-410d-b850-4e5bf70ac390"/>
      <TestMethod codeBase="Jest_FilterModal component / check renders" name="FilterModal component / check renders" className="FilterModal component"/>
    </UnitTest>
    <UnitTest name="FilterModal component / check state[title] is empty on mounting" id="23fdc7b5-7e3a-48bc-b220-4ed73d97b587">
      <Execution id="c27b7c83-a30c-49a2-a790-9f91e3d4472d"/>
      <TestMethod codeBase="Jest_FilterModal component / check state[title] is empty on mounting" name="FilterModal component / check state[title] is empty on mounting" className="FilterModal component"/>
    </UnitTest>
    <UnitTest name="FilterModal component / should call componentDidCatch" id="b1bc4d26-f663-4669-a553-12bf678b3086">
      <Execution id="8a5c7ad6-37ce-4062-9330-8114da303e18"/>
      <TestMethod codeBase="Jest_FilterModal component / should call componentDidCatch" name="FilterModal component / should call componentDidCatch" className="FilterModal component"/>
    </UnitTest>
    <UnitTest name="FilterModal component / should call componentWillReceiveProps" id="d1e02686-4d86-4791-83c9-ca86ffb8f806">
      <Execution id="4d5cb3b4-7cb0-47c5-a387-213aff099b7b"/>
      <TestMethod codeBase="Jest_FilterModal component / should call componentWillReceiveProps" name="FilterModal component / should call componentWillReceiveProps" className="FilterModal component"/>
    </UnitTest>
    <UnitTest name="FilterModal component / should call updateModalState" id="e6f1f49f-c7fa-45de-afed-648aa008ae6b">
      <Execution id="f9615d38-b504-4dd2-83ee-8278ddb2e7b5"/>
      <TestMethod codeBase="Jest_FilterModal component / should call updateModalState" name="FilterModal component / should call updateModalState" className="FilterModal component"/>
    </UnitTest>
    <UnitTest name="FilterModal component / should call toggle" id="4e3a18d6-1261-46fe-83ea-3d9205494048">
      <Execution id="c5b4ac2c-abf0-4886-8cef-e39c867de8c1"/>
      <TestMethod codeBase="Jest_FilterModal component / should call toggle" name="FilterModal component / should call toggle" className="FilterModal component"/>
    </UnitTest>
    <UnitTest name="FilterModal component / should call selectMultipleOption" id="7e687a6d-8dbf-4034-9ad6-b6f32ebf008d">
      <Execution id="fe3994f6-4223-4e1c-a257-0002450cb82f"/>
      <TestMethod codeBase="Jest_FilterModal component / should call selectMultipleOption" name="FilterModal component / should call selectMultipleOption" className="FilterModal component"/>
    </UnitTest>
    <UnitTest name="FilterModal component / should call refreshList" id="878e76ab-4ff3-477a-bcb3-dfcf056a5119">
      <Execution id="0b72b710-e891-4077-a1e7-17b75611c79b"/>
      <TestMethod codeBase="Jest_FilterModal component / should call refreshList" name="FilterModal component / should call refreshList" className="FilterModal component"/>
    </UnitTest>
    <UnitTest name="FilterModal component / should call handleInputChange" id="560a2c0e-fa27-47b9-852d-24420ddcf0ce">
      <Execution id="6cd867d9-75b3-4875-a6bd-a262e1445260"/>
      <TestMethod codeBase="Jest_FilterModal component / should call handleInputChange" name="FilterModal component / should call handleInputChange" className="FilterModal component"/>
    </UnitTest>
    <UnitTest name="FilterModal component / should call handleDelete" id="b3ef86a7-baa1-4a23-af40-7360b04da2cd">
      <Execution id="f22f8f44-9010-4659-bec5-fba95c15d28d"/>
      <TestMethod codeBase="Jest_FilterModal component / should call handleDelete" name="FilterModal component / should call handleDelete" className="FilterModal component"/>
    </UnitTest>
    <UnitTest name="FilterModal component / should call passSelectedData" id="aece0e1c-27bf-4bfb-aae6-d1fc92b6cee8">
      <Execution id="507e81eb-ed44-4264-b4cb-6148a0bffaed"/>
      <TestMethod codeBase="Jest_FilterModal component / should call passSelectedData" name="FilterModal component / should call passSelectedData" className="FilterModal component"/>
    </UnitTest>
    <UnitTest name="FilterModal component / should call resetSelectedData" id="27e6f726-e497-48cc-ae04-9b37ed5babb8">
      <Execution id="43436f71-c360-49fe-8b76-4644aefc25f6"/>
      <TestMethod codeBase="Jest_FilterModal component / should call resetSelectedData" name="FilterModal component / should call resetSelectedData" className="FilterModal component"/>
    </UnitTest>
    <UnitTest name="FilterModal component / should call filterOptions" id="3d78fe34-cd50-4878-9213-382dc8528042">
      <Execution id="348187ca-4e2d-4a5c-862c-ebd88b48235f"/>
      <TestMethod codeBase="Jest_FilterModal component / should call filterOptions" name="FilterModal component / should call filterOptions" className="FilterModal component"/>
    </UnitTest>
    <UnitTest name="FilterModal component / should call render" id="33a60e41-10dd-413e-b43b-ff2265367784">
      <Execution id="24ae907c-cbec-4bbd-9703-d93d6636ccdf"/>
      <TestMethod codeBase="Jest_FilterModal component / should call render" name="FilterModal component / should call render" className="FilterModal component"/>
    </UnitTest>
    <UnitTest name="WorkBookRepetition component / check renders" id="32c597ea-29fb-4108-b67f-078245701703">
      <Execution id="c3bf7286-1a3e-44b4-b428-2ff249ee9cce"/>
      <TestMethod codeBase="Jest_WorkBookRepetition component / check renders" name="WorkBookRepetition component / check renders" className="WorkBookRepetition component"/>
    </UnitTest>
    <UnitTest name="WorkBookRepetition component / check state[modal] is false on mounting" id="19d3c8e7-4bc4-4e3e-a9b7-d3f671aa8a86">
      <Execution id="5cded155-f901-4967-9439-dab2c79f84c5"/>
      <TestMethod codeBase="Jest_WorkBookRepetition component / check state[modal] is false on mounting" name="WorkBookRepetition component / check state[modal] is false on mounting" className="WorkBookRepetition component"/>
    </UnitTest>
    <UnitTest name="WorkBookRepetition component / should call cellFormatter" id="ec320984-07eb-488d-bc1b-f8aac86ccc4b">
      <Execution id="9ccd8a75-5818-402f-a73d-62d3afa28f91"/>
      <TestMethod codeBase="Jest_WorkBookRepetition component / should call cellFormatter" name="WorkBookRepetition component / should call cellFormatter" className="WorkBookRepetition component"/>
    </UnitTest>
    <UnitTest name="WorkBookRepetition component / should call componentDidCatch" id="136f2b56-db13-426a-b31f-546393d0b086">
      <Execution id="9024aa4e-a466-4081-baa0-b52cf6a0a705"/>
      <TestMethod codeBase="Jest_WorkBookRepetition component / should call componentDidCatch" name="WorkBookRepetition component / should call componentDidCatch" className="WorkBookRepetition component"/>
    </UnitTest>
    <UnitTest name="WorkBookRepetition component / should call createRows" id="d0becee4-4645-46d3-8bf4-6eb77827b6d5">
      <Execution id="cbd04225-966a-4b3d-9bbb-d3b2f75a2cb0"/>
      <TestMethod codeBase="Jest_WorkBookRepetition component / should call createRows" name="WorkBookRepetition component / should call createRows" className="WorkBookRepetition component"/>
    </UnitTest>
    <UnitTest name="WorkBookRepetition component / should call componentWillReceiveProps" id="3f62adb3-0503-4393-90ef-da3b8ce02ef0">
      <Execution id="c79eb379-7287-4e92-9c95-c989cf3e1101"/>
      <TestMethod codeBase="Jest_WorkBookRepetition component / should call componentWillReceiveProps" name="WorkBookRepetition component / should call componentWillReceiveProps" className="WorkBookRepetition component"/>
    </UnitTest>
    <UnitTest name="WorkBookRepetition component / should call toggle" id="e822815d-19b1-435c-863f-ef0eb9145bc8">
      <Execution id="55e7e06a-6815-42e3-9ede-29559c8cf1b5"/>
      <TestMethod codeBase="Jest_WorkBookRepetition component / should call toggle" name="WorkBookRepetition component / should call toggle" className="WorkBookRepetition component"/>
    </UnitTest>
    <UnitTest name="WorkBookRepetition component / should call customCell" id="e9de23f2-603f-4fda-bb84-c23881f9819e">
      <Execution id="3d5de693-f6e1-4eb1-8cfa-776ed2e4b766"/>
      <TestMethod codeBase="Jest_WorkBookRepetition component / should call customCell" name="WorkBookRepetition component / should call customCell" className="WorkBookRepetition component"/>
    </UnitTest>
    <UnitTest name="WorkBookRepetition component / should call render" id="b7d4aaf1-d5e9-4a07-a172-07525a5f520c">
      <Execution id="29ef5407-722b-41de-9c16-d5dfd394e61c"/>
      <TestMethod codeBase="Jest_WorkBookRepetition component / should call render" name="WorkBookRepetition component / should call render" className="WorkBookRepetition component"/>
    </UnitTest>
    <UnitTest name="WorkBookDashBoard component / check renders" id="49adff20-5dee-4212-ac4f-8a56d9099f0e">
      <Execution id="2340a2b4-840a-4600-9fbe-cf4a0f1b925a"/>
      <TestMethod codeBase="Jest_WorkBookDashBoard component / check renders" name="WorkBookDashBoard component / check renders" className="WorkBookDashBoard component"/>
    </UnitTest>
    <UnitTest name="WorkBookDashBoard component / should call componentWillReceiveProps" id="bcceb292-aed5-411e-b465-c5ea09b2fca3">
      <Execution id="ac9722de-10d2-4f82-9332-4a1a01d85b09"/>
      <TestMethod codeBase="Jest_WorkBookDashBoard component / should call componentWillReceiveProps" name="WorkBookDashBoard component / should call componentWillReceiveProps" className="WorkBookDashBoard component"/>
    </UnitTest>
    <UnitTest name="WorkBookDashBoard component / should call formatData" id="25095eae-7dc7-4717-b351-2cc5dc13738c">
      <Execution id="ac36f0a6-288b-488e-ac2e-355b613b4b66"/>
      <TestMethod codeBase="Jest_WorkBookDashBoard component / should call formatData" name="WorkBookDashBoard component / should call formatData" className="WorkBookDashBoard component"/>
    </UnitTest>
    <UnitTest name="WorkBookDashBoard component / should call render" id="870ec639-c1ed-44d6-89ad-b65eb9c6ad63">
      <Execution id="73dce309-b4f8-44b6-bc2b-495ad7ab56d0"/>
      <TestMethod codeBase="Jest_WorkBookDashBoard component / should call render" name="WorkBookDashBoard component / should call render" className="WorkBookDashBoard component"/>
    </UnitTest>
    <UnitTest name="TopbarWithNavigation component / renders" id="a189b3f8-daa1-4f74-86fa-250c84825326">
      <Execution id="86f16978-9bcc-4db8-8469-11afbe560e3a"/>
      <TestMethod codeBase="Jest_TopbarWithNavigation component / renders" name="TopbarWithNavigation component / renders" className="TopbarWithNavigation component"/>
    </UnitTest>
    <UnitTest name="TopbarWithNavigation component / check state[modal] is false on mounting" id="1ae063f0-734c-4678-876e-13dfd5a478b6">
      <Execution id="e17b13c9-58c8-4af2-a3bb-0eba4c763e5c"/>
      <TestMethod codeBase="Jest_TopbarWithNavigation component / check state[modal] is false on mounting" name="TopbarWithNavigation component / check state[modal] is false on mounting" className="TopbarWithNavigation component"/>
    </UnitTest>
    <UnitTest name="TopbarWithNavigation component / should call componentWillMount" id="47ee29c3-c496-43e0-b355-e497a1f055af">
      <Execution id="a9cb5171-baf4-4a4a-8b56-f179b481089b"/>
      <TestMethod codeBase="Jest_TopbarWithNavigation component / should call componentWillMount" name="TopbarWithNavigation component / should call componentWillMount" className="TopbarWithNavigation component"/>
    </UnitTest>
    <UnitTest name="TopbarWithNavigation component / should call onMouseEnter" id="2a3dc8e9-fca6-40e5-ae38-7be9e4f88b0d">
      <Execution id="22621bce-bcc8-4560-b42f-d84621cc8638"/>
      <TestMethod codeBase="Jest_TopbarWithNavigation component / should call onMouseEnter" name="TopbarWithNavigation component / should call onMouseEnter" className="TopbarWithNavigation component"/>
    </UnitTest>
    <UnitTest name="TopbarWithNavigation component / should call onMouseLeave" id="cbc5fcad-1d4b-4f87-a0b8-22db59da9efe">
      <Execution id="320f3eac-7e27-4037-8654-f1504778d200"/>
      <TestMethod codeBase="Jest_TopbarWithNavigation component / should call onMouseLeave" name="TopbarWithNavigation component / should call onMouseLeave" className="TopbarWithNavigation component"/>
    </UnitTest>
    <UnitTest name="TopbarWithNavigation component / should call render" id="fb035a4e-1934-4171-864e-eeb1aacd1b71">
      <Execution id="264aec6e-5021-40e8-b3b2-ec21f7d66312"/>
      <TestMethod codeBase="Jest_TopbarWithNavigation component / should call render" name="TopbarWithNavigation component / should call render" className="TopbarWithNavigation component"/>
    </UnitTest>
    <UnitTest name="TopbarNotification component / renders" id="bc138aef-cce1-4554-997e-fb6917b5684d">
      <Execution id="e85b0d90-98f9-44c8-bb7d-77a42b14898b"/>
      <TestMethod codeBase="Jest_TopbarNotification component / renders" name="TopbarNotification component / renders" className="TopbarNotification component"/>
    </UnitTest>
    <UnitTest name="TopbarNotification component / check state[modal] is false on mounting" id="122f97e4-6ced-4a08-823d-65fe2004a288">
      <Execution id="5afe01d5-c1c4-498f-a21d-1645b5fb92e6"/>
      <TestMethod codeBase="Jest_TopbarNotification component / check state[modal] is false on mounting" name="TopbarNotification component / check state[modal] is false on mounting" className="TopbarNotification component"/>
    </UnitTest>
    <UnitTest name="TopbarNotification component / should call toggle" id="47471998-2481-48ba-b05e-bfeecd5c1a8a">
      <Execution id="9ad9f619-6d00-4f83-8d76-53040dec53b8"/>
      <TestMethod codeBase="Jest_TopbarNotification component / should call toggle" name="TopbarNotification component / should call toggle" className="TopbarNotification component"/>
    </UnitTest>
    <UnitTest name="TopbarNAVLink component / renders" id="168cb4c6-dd61-4599-bbb6-6f2ea3a48e13">
      <Execution id="0dca0d37-7ac1-4b75-9f2e-df5610cdb589"/>
      <TestMethod codeBase="Jest_TopbarNAVLink component / renders" name="TopbarNAVLink component / renders" className="TopbarNAVLink component"/>
    </UnitTest>
    <UnitTest name="ScrollToTop component / renders" id="0be7f6cf-5eb0-4339-b0b8-347776b2a215">
      <Execution id="aeb04bf4-ef06-4647-aad1-f1e9eeeaa7d9"/>
      <TestMethod codeBase="Jest_ScrollToTop component / renders" name="ScrollToTop component / renders" className="ScrollToTop component"/>
    </UnitTest>
    <UnitTest name="ScrollToTop component / should call componentDidUpdate" id="89777d6c-8eeb-4834-ac40-115f39e22ff4">
      <Execution id="84107b6e-fd86-4827-9a11-06f3a1deb3ff"/>
      <TestMethod codeBase="Jest_ScrollToTop component / should call componentDidUpdate" name="ScrollToTop component / should call componentDidUpdate" className="ScrollToTop component"/>
    </UnitTest>
    <UnitTest name="LayoutIndex component / renders" id="dcd87175-aa30-4d79-a003-b88b55fdb812">
      <Execution id="f6587b42-0112-4d1f-b9ab-1e79c8d7c398"/>
      <TestMethod codeBase="Jest_LayoutIndex component / renders" name="LayoutIndex component / renders" className="LayoutIndex component"/>
    </UnitTest>
    <UnitTest name="Topbar component / renders" id="149623e9-8f0d-42fb-8b33-338c1e5b4a62">
      <Execution id="67f7a800-553f-4ca4-a9b9-7c3c98629894"/>
      <TestMethod codeBase="Jest_Topbar component / renders" name="Topbar component / renders" className="Topbar component"/>
    </UnitTest>
    <UnitTest name="SessionPopup component / renders" id="c90a6f96-e528-428d-9180-8d01eeb7d8e9">
      <Execution id="fee84e97-0feb-456c-af23-1cb2ee1ca23c"/>
      <TestMethod codeBase="Jest_SessionPopup component / renders" name="SessionPopup component / renders" className="SessionPopup component"/>
    </UnitTest>
    <UnitTest name="SessionPopup component / check state[modal] is false on mounting" id="d4cf7376-bb9c-481f-853b-e8df9b20aa6b">
      <Execution id="85909a20-a535-41d7-9c11-b289ac93cc24"/>
      <TestMethod codeBase="Jest_SessionPopup component / check state[modal] is false on mounting" name="SessionPopup component / check state[modal] is false on mounting" className="SessionPopup component"/>
    </UnitTest>
    <UnitTest name="SessionPopup component / should call reloadWindow" id="5d8db385-714a-4500-bc92-4be65d63f2c0">
      <Execution id="da868455-a6d8-409b-86ee-38c32c768c08"/>
      <TestMethod codeBase="Jest_SessionPopup component / should call reloadWindow" name="SessionPopup component / should call reloadWindow" className="SessionPopup component"/>
    </UnitTest>
    <UnitTest name="SessionPopup component / check state[modal] is false on after toggle()" id="fc7fb6fb-c840-4a84-9e9e-ff5f1a77678e">
      <Execution id="522713b8-33dd-44c8-bb0e-29352e0b4877"/>
      <TestMethod codeBase="Jest_SessionPopup component / check state[modal] is false on after toggle()" name="SessionPopup component / check state[modal] is false on after toggle()" className="SessionPopup component"/>
    </UnitTest>
    <UnitTest name="SessionPopup component / should call componentWillReceiveProps" id="9d230e5c-30bd-4959-a22e-e3564a73f47f">
      <Execution id="8c83fcc3-f5d2-486d-889a-e7e1f36aa652"/>
      <TestMethod codeBase="Jest_SessionPopup component / should call componentWillReceiveProps" name="SessionPopup component / should call componentWillReceiveProps" className="SessionPopup component"/>
    </UnitTest>
    <UnitTest name="SessionPopup component / should call autoLogout" id="1f5e4436-2fbb-4fc6-b660-05adea5da69e">
      <Execution id="86ba3c24-d73d-4968-a405-38b7937a0a9a"/>
      <TestMethod codeBase="Jest_SessionPopup component / should call autoLogout" name="SessionPopup component / should call autoLogout" className="SessionPopup component"/>
    </UnitTest>
    <UnitTest name="SessionPopup component / should call render" id="a6ea790e-1626-44d4-a12c-5373eb46ac5c">
      <Execution id="6e2575af-839c-4c3e-b165-494466401678"/>
      <TestMethod codeBase="Jest_SessionPopup component / should call render" name="SessionPopup component / should call render" className="SessionPopup component"/>
    </UnitTest>
    <UnitTest name="TopbarSidebarButton component / renders" id="a45055e8-2271-4fb4-9b3e-2826ae50c21a">
      <Execution id="1bd8557f-a104-44f9-b440-3ba041f2d9f3"/>
      <TestMethod codeBase="Jest_TopbarSidebarButton component / renders" name="TopbarSidebarButton component / renders" className="TopbarSidebarButton component"/>
    </UnitTest>
    <UnitTest name="MainWrapper component / renders" id="a3c8a760-38da-4471-8353-9f345263468e">
      <Execution id="96f7b01e-294a-44aa-a972-5dcaf463dde2"/>
      <TestMethod codeBase="Jest_MainWrapper component / renders" name="MainWrapper component / renders" className="MainWrapper component"/>
    </UnitTest>
    <UnitTest name="Pagination component / check renders" id="a8f59152-7964-4dd2-a882-bdc3b1af4145">
      <Execution id="4f37acb3-92cf-4b81-8c45-74955790d519"/>
      <TestMethod codeBase="Jest_Pagination component / check renders" name="Pagination component / check renders" className="Pagination component"/>
    </UnitTest>
    <UnitTest name="Pagination component / check state[visiblePages] is false on mounting" id="6549b1cb-66bc-4c53-978f-e8dece0790c5">
      <Execution id="c0556844-0843-4e1f-ac7a-a9b09883bde2"/>
      <TestMethod codeBase="Jest_Pagination component / check state[visiblePages] is false on mounting" name="Pagination component / check state[visiblePages] is false on mounting" className="Pagination component"/>
    </UnitTest>
    <UnitTest name="Pagination component / should call componentWillReceiveProps with same page" id="a3147b0e-dd30-4657-af83-362a501c3ee9">
      <Execution id="8b4b1fe8-0ef5-4277-b7f3-00ff8de69bde"/>
      <TestMethod codeBase="Jest_Pagination component / should call componentWillReceiveProps with same page" name="Pagination component / should call componentWillReceiveProps with same page" className="Pagination component"/>
    </UnitTest>
    <UnitTest name="Pagination component / should call componentWillReceiveProps with different page" id="7ec9ebfc-0451-4568-a976-e26817737d5a">
      <Execution id="93c8fc55-f4af-43c5-8817-bec7dc137442"/>
      <TestMethod codeBase="Jest_Pagination component / should call componentWillReceiveProps with different page" name="Pagination component / should call componentWillReceiveProps with different page" className="Pagination component"/>
    </UnitTest>
    <UnitTest name="Pagination component / should call filterPages" id="0f136989-ebf6-4617-a2a5-8d13158a99b2">
      <Execution id="22928a3e-8177-49d6-8a44-daba8853e8f1"/>
      <TestMethod codeBase="Jest_Pagination component / should call filterPages" name="Pagination component / should call filterPages" className="Pagination component"/>
    </UnitTest>
    <UnitTest name="Pagination component / should call getVisiblePages" id="04e2fb94-386d-4a8d-83bf-3667a799df1d">
      <Execution id="30775299-edab-47b7-9726-1485c00e3303"/>
      <TestMethod codeBase="Jest_Pagination component / should call getVisiblePages" name="Pagination component / should call getVisiblePages" className="Pagination component"/>
    </UnitTest>
    <UnitTest name="Pagination component / should call changePage" id="39da680d-d9b5-4ee4-972b-db1d85fa6679">
      <Execution id="c8c9879f-eadf-4b00-89c4-4f90ac4d4c65"/>
      <TestMethod codeBase="Jest_Pagination component / should call changePage" name="Pagination component / should call changePage" className="Pagination component"/>
    </UnitTest>
    <UnitTest name="Pagination component / should call render" id="1c783f07-e3e9-4184-b249-dd21089fa81e">
      <Execution id="ea8211c9-b8a6-4f93-bac3-a4672c5cab24"/>
      <TestMethod codeBase="Jest_Pagination component / should call render" name="Pagination component / should call render" className="Pagination component"/>
    </UnitTest>
    <UnitTest name="renders without crashing" id="9fd8e802-83f1-4063-8319-6cd5ce76fb63">
      <Execution id="590e39b2-3fef-486c-b247-0ec86bf95ef9"/>
      <TestMethod codeBase="Jest_renders without crashing" name="renders without crashing" className="No suite"/>
    </UnitTest>
    <UnitTest name="TopbarMenuLink component / renders" id="284959ed-5a99-472e-809b-8f898b261bab">
      <Execution id="f47fd0cc-3182-4595-93a1-5b5292c34414"/>
      <TestMethod codeBase="Jest_TopbarMenuLink component / renders" name="TopbarMenuLink component / renders" className="TopbarMenuLink component"/>
    </UnitTest>
    <UnitTest name="TopbarProfile component / renders" id="4f488e36-6b98-40b4-8919-516a01580198">
      <Execution id="24c0ee0c-7ea9-413d-834b-252ba4bb1668"/>
      <TestMethod codeBase="Jest_TopbarProfile component / renders" name="TopbarProfile component / renders" className="TopbarProfile component"/>
    </UnitTest>
    <UnitTest name="TopbarProfile component / check state[modal] is false on mounting" id="9fc52707-fffc-431f-9141-f063589afbc2">
      <Execution id="14f26b5a-c217-4570-a115-01ef7b3acc0e"/>
      <TestMethod codeBase="Jest_TopbarProfile component / check state[modal] is false on mounting" name="TopbarProfile component / check state[modal] is false on mounting" className="TopbarProfile component"/>
    </UnitTest>
    <UnitTest name="TopbarProfile component / should call toggle" id="73966a96-cd5c-443f-9d90-b045ca54b022">
      <Execution id="f2d2dee3-f622-4fc1-9123-1a7c2a7ea470"/>
      <TestMethod codeBase="Jest_TopbarProfile component / should call toggle" name="TopbarProfile component / should call toggle" className="TopbarProfile component"/>
    </UnitTest>
    <UnitTest name="TopbarProfile component / should call render" id="3d10f1db-3832-4fd9-9263-8371103cc537">
      <Execution id="53a2e5c9-27a2-41d0-976d-dff8438fdbd1"/>
      <TestMethod codeBase="Jest_TopbarProfile component / should call render" name="TopbarProfile component / should call render" className="TopbarProfile component"/>
    </UnitTest>
    <UnitTest name="renders without crashing" id="114e2852-4036-428d-a9b4-4b4cbbdb2c9f">
      <Execution id="3ab364e5-bcc9-427c-878a-f1ce20ce585f"/>
      <TestMethod codeBase="Jest_renders without crashing" name="renders without crashing" className="No suite"/>
    </UnitTest>
    <UnitTest name="renders without crashing" id="ad3218fe-ee77-4fb8-9e9f-cbac8abee9cb">
      <Execution id="631fd0f8-47d5-43e1-93df-a70a7bcc56be"/>
      <TestMethod codeBase="Jest_renders without crashing" name="renders without crashing" className="No suite"/>
    </UnitTest>
  </TestDefinitions>
  <TestLists>
    <TestList name="Results Not in a List" id="8c84fa94-04c1-424b-9868-57a2d4851a1d"/>
[...]
    <UnitTestResult testId="3f62adb3-0503-4393-90ef-da3b8ce02ef0" executionId="c79eb379-7287-4e92-9c95-c989cf3e1101" testName="WorkBookRepetition component / should call componentWillReceiveProps" computerName="SYSVINEL015" duration="00:00:00.406" startTime="2019-05-28T06:28:49.561Z" endTime="2019-05-28T06:28:49.967Z" testType="13cdc9d9-ddb5-4fa4-a97d-d965ccfc6d4b" outcome="Passed" testListId="8c84fa94-04c1-424b-9868-57a2d4851a1d"/>
    <UnitTestResult testId="e822815d-19b1-435c-863f-ef0eb9145bc8" executionId="55e7e06a-6815-42e3-9ede-29559c8cf1b5" testName="WorkBookRepetition component / should call toggle" computerName="SYSVINEL015" duration="00:00:00.406" startTime="2019-05-28T06:28:49.967Z" endTime="2019-05-28T06:28:50.373Z" testType="13cdc9d9-ddb5-4fa4-a97d-d965ccfc6d4b" outcome="Passed" testListId="8c84fa94-04c1-424b-9868-57a2d4851a1d"/>
    <UnitTestResult testId="e9de23f2-603f-4fda-bb84-c23881f9819e" executionId="3d5de693-f6e1-4eb1-8cfa-776ed2e4b766" testName="WorkBookRepetition component / should call customCell" computerName="SYSVINEL015" duration="00:00:00.406" startTime="2019-05-28T06:28:50.373Z" endTime="2019-05-28T06:28:50.779Z" testType="13cdc9d9-ddb5-4fa4-a97d-d965ccfc6d4b" outcome="Passed" testListId="8c84fa94-04c1-424b-9868-57a2d4851a1d"/>
    <UnitTestResult testId="b7d4aaf1-d5e9-4a07-a172-07525a5f520c" executionId="29ef5407-722b-41de-9c16-d5dfd394e61c" testName="WorkBookRepetition component / should call render" computerName="SYSVINEL015" duration="00:00:00.406" startTime="2019-05-28T06:28:50.779Z" endTime="2019-05-28T06:28:51.185Z" testType="13cdc9d9-ddb5-4fa4-a97d-d965ccfc6d4b" outcome="Passed" testListId="8c84fa94-04c1-424b-9868-57a2d4851a1d"/>
    <UnitTestResult testId="49adff20-5dee-4212-ac4f-8a56d9099f0e" executionId="2340a2b4-840a-4600-9fbe-cf4a0f1b925a" testName="WorkBookDashBoard component / check renders" computerName="SYSVINEL015" duration="00:00:00.865" startTime="2019-05-28T06:28:48.535Z" endTime="2019-05-28T06:28:49.400Z" testType="13cdc9d9-ddb5-4fa4-a97d-d965ccfc6d4b" outcome="Passed" testListId="8c84fa94-04c1-424b-9868-57a2d4851a1d"/>
    <UnitTestResult testId="bcceb292-aed5-411e-b465-c5ea09b2fca3" executionId="ac9722de-10d2-4f82-9332-4a1a01d85b09" testName="WorkBookDashBoard component / should call componentWillReceiveProps" computerName="SYSVINEL015" duration="00:00:00.865" startTime="2019-05-28T06:28:49.400Z" endTime="2019-05-28T06:28:50.265Z" testType="13cdc9d9-ddb5-4fa4-a97d-d965ccfc6d4b" outcome="Passed" testListId="8c84fa94-04c1-424b-9868-57a2d4851a1d"/>
    <UnitTestResult testId="25095eae-7dc7-4717-b351-2cc5dc13738c" executionId="ac36f0a6-288b-488e-ac2e-355b613b4b66" testName="WorkBookDashBoard component / should call formatData" computerName="SYSVINEL015" duration="00:00:00.865" startTime="2019-05-28T06:28:50.265Z" endTime="2019-05-28T06:28:51.130Z" testType="13cdc9d9-ddb5-4fa4-a97d-d965ccfc6d4b" outcome="Passed" testListId="8c84fa94-04c1-424b-9868-57a2d4851a1d"/>
    <UnitTestResult testId="870ec639-c1ed-44d6-89ad-b65eb9c6ad63" executionId="73dce309-b4f8-44b6-bc2b-495ad7ab56d0" testName="WorkBookDashBoard component / should call render" computerName="SYSVINEL015" duration="00:00:00.865" startTime="2019-05-28T06:28:51.130Z" endTime="2019-05-28T06:28:51.995Z" testType="13cdc9d9-ddb5-4fa4-a97d-d965ccfc6d4b" outcome="Passed" testListId="8c84fa94-04c1-424b-9868-57a2d4851a1d"/>
    <UnitTestResult testId="a189b3f8-daa1-4f74-86fa-250c84825326" executionId="86f16978-9bcc-4db8-8469-11afbe560e3a" testName="TopbarWithNavigation component / renders" computerName="SYSVINEL015" duration="00:00:00.377" startTime="2019-05-28T06:28:51.379Z" endTime="2019-05-28T06:28:51.756Z" testType="13cdc9d9-ddb5-4fa4-a97d-d965ccfc6d4b" outcome="Passed" testListId="8c84fa94-04c1-424b-9868-57a2d4851a1d"/>
    <UnitTestResult testId="1ae063f0-734c-4678-876e-13dfd5a478b6" executionId="e17b13c9-58c8-4af2-a3bb-0eba4c763e5c" testName="TopbarWithNavigation component / check state[modal] is false on mounting" computerName="SYSVINEL015" duration="00:00:00.377" startTime="2019-05-28T06:28:51.756Z" endTime="2019-05-28T06:28:52.133Z" testType="13cdc9d9-ddb5-4fa4-a97d-d965ccfc6d4b" outcome="Passed" testListId="8c84fa94-04c1-424b-9868-57a2d4851a1d"/>
    <UnitTestResult testId="47ee29c3-c496-43e0-b355-e497a1f055af" executionId="a9cb5171-baf4-4a4a-8b56-f179b481089b" testName="TopbarWithNavigation component / should call componentWillMount" computerName="SYSVINEL015" duration="00:00:00.377" startTime="2019-05-28T06:28:52.133Z" endTime="2019-05-28T06:28:52.510Z" testType="13cdc9d9-ddb5-4fa4-a97d-d965ccfc6d4b" outcome="Passed" testListId="8c84fa94-04c1-424b-9868-57a2d4851a1d"/>
    <UnitTestResult testId="2a3dc8e9-fca6-40e5-ae38-7be9e4f88b0d" executionId="22621bce-bcc8-4560-b42f-d84621cc8638" testName="TopbarWithNavigation component / should call onMouseEnter" computerName="SYSVINEL015" duration="00:00:00.377" startTime="2019-05-28T06:28:52.510Z" endTime="2019-05-28T06:28:52.887Z" testType="13cdc9d9-ddb5-4fa4-a97d-d965ccfc6d4b" outcome="Passed" testListId="8c84fa94-04c1-424b-9868-57a2d4851a1d"/>
    <UnitTestResult testId="cbc5fcad-1d4b-4f87-a0b8-22db59da9efe" executionId="320f3eac-7e27-4037-8654-f1504778d200" testName="TopbarWithNavigation component / should call onMouseLeave" computerName="SYSVINEL015" duration="00:00:00.377" startTime="2019-05-28T06:28:52.887Z" endTime="2019-05-28T06:28:53.264Z" testType="13cdc9d9-ddb5-4fa4-a97d-d965ccfc6d4b" outcome="Passed" testListId="8c84fa94-04c1-424b-9868-57a2d4851a1d"/>
    <UnitTestResult testId="fb035a4e-1934-4171-864e-eeb1aacd1b71" executionId="264aec6e-5021-40e8-b3b2-ec21f7d66312" testName="TopbarWithNavigation component / should call render" computerName="SYSVINEL015" duration="00:00:00.377" startTime="2019-05-28T06:28:53.264Z" endTime="2019-05-28T06:28:53.641Z" testType="13cdc9d9-ddb5-4fa4-a97d-d965ccfc6d4b" outcome="Passed" testListId="8c84fa94-04c1-424b-9868-57a2d4851a1d"/>
    <UnitTestResult testId="bc138aef-cce1-4554-997e-fb6917b5684d" executionId="e85b0d90-98f9-44c8-bb7d-77a42b14898b" testName="TopbarNotification component / renders" computerName="SYSVINEL015" duration="00:00:00.758" startTime="2019-05-28T06:28:51.385Z" endTime="2019-05-28T06:28:52.143Z" testType="13cdc9d9-ddb5-4fa4-a97d-d965ccfc6d4b" outcome="Passed" testListId="8c84fa94-04c1-424b-9868-57a2d4851a1d"/>
    <UnitTestResult testId="122f97e4-6ced-4a08-823d-65fe2004a288" executionId="5afe01d5-c1c4-498f-a21d-1645b5fb92e6" testName="TopbarNotification component / check state[modal] is false on mounting" computerName="SYSVINEL015" duration="00:00:00.758" startTime="2019-05-28T06:28:52.143Z" endTime="2019-05-28T06:28:52.901Z" testType="13cdc9d9-ddb5-4fa4-a97d-d965ccfc6d4b" outcome="Passed" testListId="8c84fa94-04c1-424b-9868-57a2d4851a1d"/>
    <UnitTestResult testId="47471998-2481-48ba-b05e-bfeecd5c1a8a" executionId="9ad9f619-6d00-4f83-8d76-53040dec53b8" testName="TopbarNotification component / should call toggle" computerName="SYSVINEL015" duration="00:00:00.758" startTime="2019-05-28T06:28:52.901Z" endTime="2019-05-28T06:28:53.659Z" testType="13cdc9d9-ddb5-4fa4-a97d-d965ccfc6d4b" outcome="Passed" testListId="8c84fa94-04c1-424b-9868-57a2d4851a1d"/>
    <UnitTestResult testId="168cb4c6-dd61-4599-bbb6-6f2ea3a48e13" executionId="0dca0d37-7ac1-4b75-9f2e-df5610cdb589" testName="TopbarNAVLink component / renders" computerName="SYSVINEL015" duration="00:00:02.107" startTime="2019-05-28T06:28:52.131Z" endTime="2019-05-28T06:28:54.238Z" testType="13cdc9d9-ddb5-4fa4-a97d-d965ccfc6d4b" outcome="Passed" testListId="8c84fa94-04c1-424b-9868-57a2d4851a1d"/>
    <UnitTestResult testId="0be7f6cf-5eb0-4339-b0b8-347776b2a215" executionId="aeb04bf4-ef06-4647-aad1-f1e9eeeaa7d9" testName="ScrollToTop component / renders" computerName="SYSVINEL015" duration="00:00:00.974" startTime="2019-05-28T06:28:53.819Z" endTime="2019-05-28T06:28:54.793Z" testType="13cdc9d9-ddb5-4fa4-a97d-d965ccfc6d4b" outcome="Passed" testListId="8c84fa94-04c1-424b-9868-57a2d4851a1d"/>
    <UnitTestResult testId="89777d6c-8eeb-4834-ac40-115f39e22ff4" executionId="84107b6e-fd86-4827-9a11-06f3a1deb3ff" testName="ScrollToTop component / should call componentDidUpdate" computerName="SYSVINEL015" duration="00:00:00.974" startTime="2019-05-28T06:28:54.793Z" endTime="2019-05-28T06:28:55.767Z" testType="13cdc9d9-ddb5-4fa4-a97d-d965ccfc6d4b" outcome="Passed" testListId="8c84fa94-04c1-424b-9868-57a2d4851a1d"/>
    <UnitTestResult testId="dcd87175-aa30-4d79-a003-b88b55fdb812" executionId="f6587b42-0112-4d1f-b9ab-1e79c8d7c398" testName="LayoutIndex component / renders" computerName="SYSVINEL015" duration="00:00:02.071" startTime="2019-05-28T06:28:53.857Z" endTime="2019-05-28T06:28:55.928Z" testType="13cdc9d9-ddb5-4fa4-a97d-d965ccfc6d4b" outcome="Passed" testListId="8c84fa94-04c1-424b-9868-57a2d4851a1d"/>
    <UnitTestResult testId="149623e9-8f0d-42fb-8b33-338c1e5b4a62" executionId="67f7a800-553f-4ca4-a9b9-7c3c98629894" testName="Topbar component / renders" computerName="SYSVINEL015" duration="00:00:02.038" startTime="2019-05-28T06:28:54.369Z" endTime="2019-05-28T06:28:56.407Z" testType="13cdc9d9-ddb5-4fa4-a97d-d965ccfc6d4b" outcome="Passed" testListId="8c84fa94-04c1-424b-9868-57a2d4851a1d"/>
    <UnitTestResult testId="c90a6f96-e528-428d-9180-8d01eeb7d8e9" executionId="fee84e97-0feb-456c-af23-1cb2ee1ca23c" testName="SessionPopup component / renders" computerName="SYSVINEL015" duration="00:00:00.280" startTime="2019-05-28T06:28:55.877Z" endTime="2019-05-28T06:28:56.157Z" testType="13cdc9d9-ddb5-4fa4-a97d-d965ccfc6d4b" outcome="Passed" testListId="8c84fa94-04c1-424b-9868-57a2d4851a1d"/>
    <UnitTestResult testId="d4cf7376-bb9c-481f-853b-e8df9b20aa6b" executionId="85909a20-a535-41d7-9c11-b289ac93cc24" testName="SessionPopup component / check state[modal] is false on mounting" computerName="SYSVINEL015" duration="00:00:00.280" startTime="2019-05-28T06:28:56.157Z" endTime="2019-05-28T06:28:56.437Z" testType="13cdc9d9-ddb5-4fa4-a97d-d965ccfc6d4b" outcome="Passed" testListId="8c84fa94-04c1-424b-9868-57a2d4851a1d"/>
    <UnitTestResult testId="5d8db385-714a-4500-bc92-4be65d63f2c0" executionId="da868455-a6d8-409b-86ee-38c32c768c08" testName="SessionPopup component / should call reloadWindow" computerName="SYSVINEL015" duration="00:00:00.280" startTime="2019-05-28T06:28:56.437Z" endTime="2019-05-28T06:28:56.717Z" testType="13cdc9d9-ddb5-4fa4-a97d-d965ccfc6d4b" outcome="Passed" testListId="8c84fa94-04c1-424b-9868-57a2d4851a1d"/>
    <UnitTestResult testId="fc7fb6fb-c840-4a84-9e9e-ff5f1a77678e" executionId="522713b8-33dd-44c8-bb0e-29352e0b4877" testName="SessionPopup component / check state[modal] is false on after toggle()" computerName="SYSVINEL015" duration="00:00:00.280" startTime="2019-05-28T06:28:56.717Z" endTime="2019-05-28T06:28:56.997Z" testType="13cdc9d9-ddb5-4fa4-a97d-d965ccfc6d4b" outcome="Passed" testListId="8c84fa94-04c1-424b-9868-57a2d4851a1d"/>
    <UnitTestResult testId="9d230e5c-30bd-4959-a22e-e3564a73f47f" executionId="8c83fcc3-f5d2-486d-889a-e7e1f36aa652" testName="SessionPopup component / should call componentWillReceiveProps" computerName="SYSVINEL015" duration="00:00:00.280" startTime="2019-05-28T06:28:56.997Z" endTime="2019-05-28T06:28:57.277Z" testType="13cdc9d9-ddb5-4fa4-a97d-d965ccfc6d4b" outcome="Passed" testListId="8c84fa94-04c1-424b-9868-57a2d4851a1d"/>
    <UnitTestResult testId="1f5e4436-2fbb-4fc6-b660-05adea5da69e" executionId="86ba3c24-d73d-4968-a405-38b7937a0a9a" testName="SessionPopup component / should call autoLogout" computerName="SYSVINEL015" duration="00:00:00.280" startTime="2019-05-28T06:28:57.277Z" endTime="2019-05-28T06:28:57.557Z" testType="13cdc9d9-ddb5-4fa4-a97d-d965ccfc6d4b" outcome="Passed" testListId="8c84fa94-04c1-424b-9868-57a2d4851a1d"/>
    <UnitTestResult testId="a6ea790e-1626-44d4-a12c-5373eb46ac5c" executionId="6e2575af-839c-4c3e-b165-494466401678" testName="SessionPopup component / should call render" computerName="SYSVINEL015" duration="00:00:00.280" startTime="2019-05-28T06:28:57.557Z" endTime="2019-05-28T06:28:57.837Z" testType="13cdc9d9-ddb5-4fa4-a97d-d965ccfc6d4b" outcome="Passed" testListId="8c84fa94-04c1-424b-9868-57a2d4851a1d"/>
    <UnitTestResult testId="a45055e8-2271-4fb4-9b3e-2826ae50c21a" executionId="1bd8557f-a104-44f9-b440-3ba041f2d9f3" testName="TopbarSidebarButton component / renders" computerName="SYSVINEL015" duration="00:00:02.244" startTime="2019-05-28T06:28:56.514Z" endTime="2019-05-28T06:28:58.758Z" testType="13cdc9d9-ddb5-4fa4-a97d-d965ccfc6d4b" outcome="Passed" testListId="8c84fa94-04c1-424b-9868-57a2d4851a1d"/>
    <UnitTestResult testId="a3c8a760-38da-4471-8353-9f345263468e" executionId="96f7b01e-294a-44aa-a972-5dcaf463dde2" testName="MainWrapper component / renders" computerName="SYSVINEL015" duration="00:00:02.473" startTime="2019-05-28T06:28:57.010Z" endTime="2019-05-28T06:28:59.483Z" testType="13cdc9d9-ddb5-4fa4-a97d-d965ccfc6d4b" outcome="Passed" testListId="8c84fa94-04c1-424b-9868-57a2d4851a1d"/>
    <UnitTestResult testId="a8f59152-7964-4dd2-a882-bdc3b1af4145" executionId="4f37acb3-92cf-4b81-8c45-74955790d519" testName="Pagination component / check renders" computerName="SYSVINEL015" duration="00:00:00.317" startTime="2019-05-28T06:28:58.005Z" endTime="2019-05-28T06:28:58.322Z" testType="13cdc9d9-ddb5-4fa4-a97d-d965ccfc6d4b" outcome="Passed" testListId="8c84fa94-04c1-424b-9868-57a2d4851a1d"/>
    <UnitTestResult testId="6549b1cb-66bc-4c53-978f-e8dece0790c5" executionId="c0556844-0843-4e1f-ac7a-a9b09883bde2" testName="Pagination component / check state[visiblePages] is false on mounting" computerName="SYSVINEL015" duration="00:00:00.317" startTime="2019-05-28T06:28:58.322Z" endTime="2019-05-28T06:28:58.639Z" testType="13cdc9d9-ddb5-4fa4-a97d-d965ccfc6d4b" outcome="Passed" testListId="8c84fa94-04c1-424b-9868-57a2d4851a1d"/>
    <UnitTestResult testId="a3147b0e-dd30-4657-af83-362a501c3ee9" executionId="8b4b1fe8-0ef5-4277-b7f3-00ff8de69bde" testName="Pagination component / should call componentWillReceiveProps with same page" computerName="SYSVINEL015" duration="00:00:00.317" startTime="2019-05-28T06:28:58.639Z" endTime="2019-05-28T06:28:58.956Z" testType="13cdc9d9-ddb5-4fa4-a97d-d965ccfc6d4b" outcome="Passed" testListId="8c84fa94-04c1-424b-9868-57a2d4851a1d"/>
    <UnitTestResult testId="7ec9ebfc-0451-4568-a976-e26817737d5a" executionId="93c8fc55-f4af-43c5-8817-bec7dc137442" testName="Pagination component / should call componentWillReceiveProps with different page" computerName="SYSVINEL015" duration="00:00:00.317" startTime="2019-05-28T06:28:58.956Z" endTime="2019-05-28T06:28:59.273Z" testType="13cdc9d9-ddb5-4fa4-a97d-d965ccfc6d4b" outcome="Passed" testListId="8c84fa94-04c1-424b-9868-57a2d4851a1d"/>
    <UnitTestResult testId="0f136989-ebf6-4617-a2a5-8d13158a99b2" executionId="22928a3e-8177-49d6-8a44-daba8853e8f1" testName="Pagination component / should call filterPages" computerName="SYSVINEL015" duration="00:00:00.317" startTime="2019-05-28T06:28:59.273Z" endTime="2019-05-28T06:28:59.590Z" testType="13cdc9d9-ddb5-4fa4-a97d-d965ccfc6d4b" outcome="Passed" testListId="8c84fa94-04c1-424b-9868-57a2d4851a1d"/>
    <UnitTestResult testId="04e2fb94-386d-4a8d-83bf-3667a799df1d" executionId="30775299-edab-47b7-9726-1485c00e3303" testName="Pagination component / should call getVisiblePages" computerName="SYSVINEL015" duration="00:00:00.317" startTime="2019-05-28T06:28:59.590Z" endTime="2019-05-28T06:28:59.907Z" testType="13cdc9d9-ddb5-4fa4-a97d-d965ccfc6d4b" outcome="Passed" testListId="8c84fa94-04c1-424b-9868-57a2d4851a1d"/>
    <UnitTestResult testId="39da680d-d9b5-4ee4-972b-db1d85fa6679" executionId="c8c9879f-eadf-4b00-89c4-4f90ac4d4c65" testName="Pagination component / should call changePage" computerName="SYSVINEL015" duration="00:00:00.317" startTime="2019-05-28T06:28:59.907Z" endTime="2019-05-28T06:29:00.224Z" testType="13cdc9d9-ddb5-4fa4-a97d-d965ccfc6d4b" outcome="Passed" testListId="8c84fa94-04c1-424b-9868-57a2d4851a1d"/>
    <UnitTestResult testId="1c783f07-e3e9-4184-b249-dd21089fa81e" executionId="ea8211c9-b8a6-4f93-bac3-a4672c5cab24" testName="Pagination component / should call render" computerName="SYSVINEL015" duration="00:00:00.317" startTime="2019-05-28T06:29:00.224Z" endTime="2019-05-28T06:29:00.541Z" testType="13cdc9d9-ddb5-4fa4-a97d-d965ccfc6d4b" outcome="Passed" testListId="8c84fa94-04c1-424b-9868-57a2d4851a1d"/>
    <UnitTestResult testId="9fd8e802-83f1-4063-8319-6cd5ce76fb63" executionId="590e39b2-3fef-486c-b247-0ec86bf95ef9" testName="renders without crashing" computerName="SYSVINEL015" duration="00:00:00.821" startTime="2019-05-28T06:29:00.677Z" endTime="2019-05-28T06:29:01.498Z" testType="13cdc9d9-ddb5-4fa4-a97d-d965ccfc6d4b" outcome="Passed" testListId="8c84fa94-04c1-424b-9868-57a2d4851a1d"/>
    <UnitTestResult testId="284959ed-5a99-472e-809b-8f898b261bab" executionId="f47fd0cc-3182-4595-93a1-5b5292c34414" testName="TopbarMenuLink component / renders" computerName="SYSVINEL015" duration="00:00:02.007" startTime="2019-05-28T06:28:59.884Z" endTime="2019-05-28T06:29:01.891Z" testType="13cdc9d9-ddb5-4fa4-a97d-d965ccfc6d4b" outcome="Passed" testListId="8c84fa94-04c1-424b-9868-57a2d4851a1d"/>
    <UnitTestResult testId="4f488e36-6b98-40b4-8919-516a01580198" executionId="24c0ee0c-7ea9-413d-834b-252ba4bb1668" testName="TopbarProfile component / renders" computerName="SYSVINEL015" duration="00:00:00.573" startTime="2019-05-28T06:28:59.619Z" endTime="2019-05-28T06:29:00.192Z" testType="13cdc9d9-ddb5-4fa4-a97d-d965ccfc6d4b" outcome="Passed" testListId="8c84fa94-04c1-424b-9868-57a2d4851a1d"/>
    <UnitTestResult testId="9fc52707-fffc-431f-9141-f063589afbc2" executionId="14f26b5a-c217-4570-a115-01ef7b3acc0e" testName="TopbarProfile component / check state[modal] is false on mounting" computerName="SYSVINEL015" duration="00:00:00.573" startTime="2019-05-28T06:29:00.192Z" endTime="2019-05-28T06:29:00.765Z" testType="13cdc9d9-ddb5-4fa4-a97d-d965ccfc6d4b" outcome="Passed" testListId="8c84fa94-04c1-424b-9868-57a2d4851a1d"/>
    <UnitTestResult testId="73966a96-cd5c-443f-9d90-b045ca54b022" executionId="f2d2dee3-f622-4fc1-9123-1a7c2a7ea470" testName="TopbarProfile component / should call toggle" computerName="SYSVINEL015" duration="00:00:00.573" startTime="2019-05-28T06:29:00.765Z" endTime="2019-05-28T06:29:01.338Z" testType="13cdc9d9-ddb5-4fa4-a97d-d965ccfc6d4b" outcome="Passed" testListId="8c84fa94-04c1-424b-9868-57a2d4851a1d"/>
    <UnitTestResult testId="3d10f1db-3832-4fd9-9263-8371103cc537" executionId="53a2e5c9-27a2-41d0-976d-dff8438fdbd1" testName="TopbarProfile component / should call render" computerName="SYSVINEL015" duration="00:00:00.573" startTime="2019-05-28T06:29:01.338Z" endTime="2019-05-28T06:29:01.911Z" testType="13cdc9d9-ddb5-4fa4-a97d-d965ccfc6d4b" outcome="Passed" testListId="8c84fa94-04c1-424b-9868-57a2d4851a1d"/>
    <UnitTestResult testId="114e2852-4036-428d-a9b4-4b4cbbdb2c9f" executionId="3ab364e5-bcc9-427c-878a-f1ce20ce585f" testName="renders without crashing" computerName="SYSVINEL015" duration="00:00:00.764" startTime="2019-05-28T06:29:01.609Z" endTime="2019-05-28T06:29:02.373Z" testType="13cdc9d9-ddb5-4fa4-a97d-d965ccfc6d4b" outcome="Passed" testListId="8c84fa94-04c1-424b-9868-57a2d4851a1d"/>
    <UnitTestResult testId="ad3218fe-ee77-4fb8-9e9f-cbac8abee9cb" executionId="631fd0f8-47d5-43e1-93df-a70a7bcc56be" testName="renders without crashing" computerName="SYSVINEL015" duration="00:00:00.700" startTime="2019-05-28T06:29:01.997Z" endTime="2019-05-28T06:29:02.697Z" testType="13cdc9d9-ddb5-4fa4-a97d-d965ccfc6d4b" outcome="Passed" testListId="8c84fa94-04c1-424b-9868-57a2d4851a1d"/>
  </Results>
</TestRun>